Using pre-set license
Built from '2020.3/staging' branch; Version is '2020.3.28f1 (f5400f52e03f) revision 16072719'; Using compiler version '192528614'; Build Type 'Release'
OS: 'Windows 11  (10.0.22000) 64bit Professional' Language: 'en' Physical Memory: 16272 MB
BatchMode: 1, IsHumanControllingUs: 0, StartBugReporterOnCrash: 0, Is64bit: 1, IsPro: 0

COMMAND LINE ARGUMENTS:
C:\Program Files\Unity\Hub\Editor\2020.3.28f1\Editor\Unity.exe
-adb2
-batchMode
-noUpm
-name
AssetImportWorker0
-projectPath
F:/Github Repos/CItyRun---FYP/FinalCityRun
-logFile
Logs/AssetImportWorker0.log
-srvPort
50423
Successfully changed project path to: F:/Github Repos/CItyRun---FYP/FinalCityRun
F:/Github Repos/CItyRun---FYP/FinalCityRun
Using Asset Import Pipeline V2.
Refreshing native plugins compatible for Editor in 44.68 ms, found 2 plugins.
Preloading 0 native plugins for Editor in 0.00 ms.
Initialize engine version: 2020.3.28f1 (f5400f52e03f)
[Subsystems] Discovering subsystems at path C:/Program Files/Unity/Hub/Editor/2020.3.28f1/Editor/Data/Resources/UnitySubsystems
[Subsystems] Discovering subsystems at path F:/Github Repos/CItyRun---FYP/FinalCityRun/Assets
GfxDevice: creating device client; threaded=0
Direct3D:
    Version:  Direct3D 11.0 [level 11.1]
    Renderer: NVIDIA GeForce GTX 1050 Ti (ID=0x1c8c)
    Vendor:   
    VRAM:     4019 MB
    Driver:   30.0.15.1215
Initialize mono
Mono path[0] = 'C:/Program Files/Unity/Hub/Editor/2020.3.28f1/Editor/Data/Managed'
Mono path[1] = 'C:/Program Files/Unity/Hub/Editor/2020.3.28f1/Editor/Data/MonoBleedingEdge/lib/mono/unityjit'
Mono config path = 'C:/Program Files/Unity/Hub/Editor/2020.3.28f1/Editor/Data/MonoBleedingEdge/etc'
Using monoOptions --debugger-agent=transport=dt_socket,embedding=1,server=y,suspend=n,address=127.0.0.1:56464
Begin MonoManager ReloadAssembly
Registering precompiled unity dll's ...
Register platform support module: C:/Program Files/Unity/Hub/Editor/2020.3.28f1/Editor/Data/PlaybackEngines/WindowsStandaloneSupport/UnityEditor.WindowsStandalone.Extensions.dll
Registered in 0.004337 seconds.
Native extension for WindowsStandalone target not found
Refreshing native plugins compatible for Editor in 47.27 ms, found 2 plugins.
Preloading 0 native plugins for Editor in 0.00 ms.
Mono: successfully reloaded assembly
- Completed reload, in  0.634 seconds
Domain Reload Profiling:
	ReloadAssembly (649ms)
		BeginReloadAssembly (96ms)
			ExecutionOrderSort (0ms)
			DisableScriptedObjects (0ms)
			BackupInstance (0ms)
			ReleaseScriptingObjects (0ms)
			CreateAndSetChildDomain (1ms)
		EndReloadAssembly (460ms)
			LoadAssemblies (78ms)
			RebuildTransferFunctionScriptingTraits (0ms)
			SetupTypeCache (153ms)
			ReleaseScriptCaches (0ms)
			RebuildScriptCaches (30ms)
			SetupLoadedEditorAssemblies (164ms)
				LogAssemblyErrors (0ms)
				InitializePlatformSupportModulesInManaged (5ms)
				SetLoadedEditorAssemblies (0ms)
				RefreshPlugins (49ms)
				BeforeProcessingInitializeOnLoad (12ms)
				ProcessInitializeOnLoadAttributes (73ms)
				ProcessInitializeOnLoadMethodAttributes (25ms)
				AfterProcessingInitializeOnLoad (0ms)
				EditorAssembliesLoaded (0ms)
			ExecutionOrderSort2 (0ms)
			AwakeInstancesAfterBackupRestoration (0ms)
Platform modules already initialized, skipping
Registering precompiled user dll's ...
Registered in 0.003641 seconds.
Begin MonoManager ReloadAssembly
Native extension for WindowsStandalone target not found
Refreshing native plugins compatible for Editor in 0.48 ms, found 2 plugins.
Preloading 0 native plugins for Editor in 0.00 ms.
Mono: successfully reloaded assembly
- Completed reload, in  0.975 seconds
Domain Reload Profiling:
	ReloadAssembly (1004ms)
		BeginReloadAssembly (183ms)
			ExecutionOrderSort (0ms)
			DisableScriptedObjects (4ms)
			BackupInstance (0ms)
			ReleaseScriptingObjects (0ms)
			CreateAndSetChildDomain (17ms)
		EndReloadAssembly (760ms)
			LoadAssemblies (97ms)
			RebuildTransferFunctionScriptingTraits (0ms)
			SetupTypeCache (261ms)
			ReleaseScriptCaches (0ms)
			RebuildScriptCaches (41ms)
			SetupLoadedEditorAssemblies (283ms)
				LogAssemblyErrors (0ms)
				InitializePlatformSupportModulesInManaged (4ms)
				SetLoadedEditorAssemblies (1ms)
				RefreshPlugins (1ms)
				BeforeProcessingInitializeOnLoad (85ms)
				ProcessInitializeOnLoadAttributes (173ms)
				ProcessInitializeOnLoadMethodAttributes (9ms)
				AfterProcessingInitializeOnLoad (9ms)
				EditorAssembliesLoaded (0ms)
			ExecutionOrderSort2 (0ms)
			AwakeInstancesAfterBackupRestoration (8ms)
Platform modules already initialized, skipping
========================================================================
Worker process is ready to serve import requests
Launched and connected shader compiler UnityShaderCompiler.exe after 0.06 seconds
Refreshing native plugins compatible for Editor in 0.51 ms, found 2 plugins.
Preloading 0 native plugins for Editor in 0.00 ms.
Unloading 1520 Unused Serialized files (Serialized files now loaded: 0)
System memory in use before: 71.3 MB.
System memory in use after: 71.4 MB.

Unloading 19 unused Assets to reduce memory usage. Loaded Objects now: 1961.
Total: 2.627800 ms (FindLiveObjects: 0.121500 ms CreateObjectMapping: 0.040700 ms MarkObjects: 2.410600 ms  DeleteObjects: 0.054400 ms)

AssetImportParameters requested are different than current active one (requested -> active):
  custom:framework-win-MediaFoundation: 216162199b28c13a410421893ffa2e32 -> 
  custom:video-decoder-ogg-theora: a1e56fd34408186e4bbccfd4996cb3dc -> 
  custom:container-muxer-webm: aa71ff27fc2769a1b78a27578f13a17b -> 
  custom:container-demuxer-webm: 4f35f7cbe854078d1ac9338744f61a02 -> 
  custom:container-demuxer-ogg: 62fdf1f143b41e24485cea50d1cbac27 -> 
  custom:video-encoder-webm-vp8: eb34c28f22e8b96e1ab97ce403110664 -> 
  custom:video-decoder-webm-vp8: 9c59270c3fd7afecdb556c50c9e8de78 -> 
  custom:audio-decoder-ogg-vorbis: bf7c407c2cedff20999df2af8eb42d56 -> 
  custom:audio-encoder-webm-vorbis: bf7c407c2cedff20999df2af8eb42d56 -> 
========================================================================
Received Import Request.
  path: Assets/Imported/Ultimate Textured Building Pack - Dec 2019/Textured Models
  artifactKey: Guid(a69af97a5694a454792028356972dd89) Importer(815301076,1909f56bfc062723c751e8b465ee728b)
Start importing Assets/Imported/Ultimate Textured Building Pack - Dec 2019/Textured Models using Guid(a69af97a5694a454792028356972dd89) Importer(815301076,1909f56bfc062723c751e8b465ee728b)  -> (artifact id: '41e2b0fa12b390925e1d1ff7e1753101') in 0.004620 seconds 
  Import took 0.006906 seconds .

========================================================================
Received Import Request.
  Time since last request: 0.000498 seconds.
  path: Assets/Imported/Ultimate Textured Building Pack - Dec 2019/Preview.png
  artifactKey: Guid(0bf54157ed18479418686911a2948729) Importer(815301076,1909f56bfc062723c751e8b465ee728b)
Start importing Assets/Imported/Ultimate Textured Building Pack - Dec 2019/Preview.png using Guid(0bf54157ed18479418686911a2948729) Importer(815301076,1909f56bfc062723c751e8b465ee728b)  -> (artifact id: '11cc271570cb2b2aa1ca5f016c7fc771') in 0.443037 seconds 
  Import took 0.445398 seconds .

========================================================================
Received Import Request.
  Time since last request: 0.000383 seconds.
  path: Assets/Imported/Ultimate Textured Building Pack - Dec 2019
  artifactKey: Guid(e84684d18496c8143a14ae84a3b10b46) Importer(815301076,1909f56bfc062723c751e8b465ee728b)
Start importing Assets/Imported/Ultimate Textured Building Pack - Dec 2019 using Guid(e84684d18496c8143a14ae84a3b10b46) Importer(815301076,1909f56bfc062723c751e8b465ee728b)  -> (artifact id: '001d063f30de40628c88aea3ece1ef43') in 0.002457 seconds 
  Import took 0.004735 seconds .

========================================================================
Received Import Request.
  Time since last request: 0.238555 seconds.
  path: Assets/Imported/Ultimate Textured Building Pack - Dec 2019/Textured Models/Finished Textured Buildings
  artifactKey: Guid(15bd0369b0f3b2941b574098c4e1cb0f) Importer(815301076,1909f56bfc062723c751e8b465ee728b)
Start importing Assets/Imported/Ultimate Textured Building Pack - Dec 2019/Textured Models/Finished Textured Buildings using Guid(15bd0369b0f3b2941b574098c4e1cb0f) Importer(815301076,1909f56bfc062723c751e8b465ee728b)  -> (artifact id: '0dcbe0f011e8904d561960c51cb234a5') in 0.003224 seconds 
  Import took 0.006333 seconds .

========================================================================
Received Import Request.
  Time since last request: 1.408594 seconds.
  path: Assets/Imported/Ultimate Textured Building Pack - Dec 2019/Textured Models/Finished Textured Buildings/FBX
  artifactKey: Guid(796b836aa96697742a157d4dabd17621) Importer(815301076,1909f56bfc062723c751e8b465ee728b)
Start importing Assets/Imported/Ultimate Textured Building Pack - Dec 2019/Textured Models/Finished Textured Buildings/FBX using Guid(796b836aa96697742a157d4dabd17621) Importer(815301076,1909f56bfc062723c751e8b465ee728b)  -> (artifact id: 'afbfa5df0cc5ee0d3380188fcd683d36') in 0.015256 seconds 
  Import took 0.018503 seconds .

========================================================================
Received Import Request.
  Time since last request: 0.026829 seconds.
  path: Assets/Imported/Ultimate Textured Building Pack - Dec 2019/Textured Models/Finished Textured Buildings/FBX/1Story.fbx
  artifactKey: Guid(0b06eda7c5cc21a4ca2bb4129970e760) Importer(815301076,1909f56bfc062723c751e8b465ee728b)
Start importing Assets/Imported/Ultimate Textured Building Pack - Dec 2019/Textured Models/Finished Textured Buildings/FBX/1Story.fbx using Guid(0b06eda7c5cc21a4ca2bb4129970e760) Importer(815301076,1909f56bfc062723c751e8b465ee728b)  -> (artifact id: '318e983f708bac9ab7f88a771f9450fa') in 0.213928 seconds 
  Import took 0.216510 seconds .

========================================================================
Received Import Request.
  Time since last request: 0.000570 seconds.
  path: Assets/Imported/Ultimate Textured Building Pack - Dec 2019/Textured Models/Finished Textured Buildings/FBX/2Story_Stairs.fbx
  artifactKey: Guid(18fa61a6d85be3e4ba1289be6aca690f) Importer(815301076,1909f56bfc062723c751e8b465ee728b)
Start importing Assets/Imported/Ultimate Textured Building Pack - Dec 2019/Textured Models/Finished Textured Buildings/FBX/2Story_Stairs.fbx using Guid(18fa61a6d85be3e4ba1289be6aca690f) Importer(815301076,1909f56bfc062723c751e8b465ee728b)  -> (artifact id: 'e578c32e809978f1a875e77f7eac3d44') in 0.021043 seconds 
  Import took 0.023394 seconds .

========================================================================
Received Import Request.
  Time since last request: 0.000448 seconds.
  path: Assets/Imported/Ultimate Textured Building Pack - Dec 2019/Textured Models/Finished Textured Buildings/FBX/2Story_Wide_2Doors.fbx
  artifactKey: Guid(55ce7d76d3319f74fa231356af30973e) Importer(815301076,1909f56bfc062723c751e8b465ee728b)
Start importing Assets/Imported/Ultimate Textured Building Pack - Dec 2019/Textured Models/Finished Textured Buildings/FBX/2Story_Wide_2Doors.fbx using Guid(55ce7d76d3319f74fa231356af30973e) Importer(815301076,1909f56bfc062723c751e8b465ee728b)  -> (artifact id: 'aac535885bd070c4ca03d7eeaff99a00') in 0.040127 seconds 
  Import took 0.042466 seconds .

========================================================================
Received Import Request.
  Time since last request: 0.000394 seconds.
  path: Assets/Imported/Ultimate Textured Building Pack - Dec 2019/Textured Models/Finished Textured Buildings/FBX/2Story_2.fbx
  artifactKey: Guid(54b3550498ba1144a85b00e81fac0e75) Importer(815301076,1909f56bfc062723c751e8b465ee728b)
Start importing Assets/Imported/Ultimate Textured Building Pack - Dec 2019/Textured Models/Finished Textured Buildings/FBX/2Story_2.fbx using Guid(54b3550498ba1144a85b00e81fac0e75) Importer(815301076,1909f56bfc062723c751e8b465ee728b)  -> (artifact id: '933ea025ca5fefd3a24cf4c14f97c641') in 0.072887 seconds 
  Import took 0.075351 seconds .

========================================================================
Received Import Request.
  Time since last request: 0.000520 seconds.
  path: Assets/Imported/Ultimate Textured Building Pack - Dec 2019/Textured Models/Finished Textured Buildings/FBX/2Story_Center.fbx
  artifactKey: Guid(9ee414e7514224f4cbfc43b2ca12e13d) Importer(815301076,1909f56bfc062723c751e8b465ee728b)
Start importing Assets/Imported/Ultimate Textured Building Pack - Dec 2019/Textured Models/Finished Textured Buildings/FBX/2Story_Center.fbx using Guid(9ee414e7514224f4cbfc43b2ca12e13d) Importer(815301076,1909f56bfc062723c751e8b465ee728b)  -> (artifact id: 'fcc366d1a49feb0083245e729f906533') in 0.018913 seconds 
  Import took 0.021355 seconds .

========================================================================
Received Import Request.
  Time since last request: 0.000500 seconds.
  path: Assets/Imported/Ultimate Textured Building Pack - Dec 2019/Textured Models/Finished Textured Buildings/FBX/1Story_GableRoof.fbx
  artifactKey: Guid(fbd62c559d6316d4885a7ff17a5ab8a1) Importer(815301076,1909f56bfc062723c751e8b465ee728b)
Start importing Assets/Imported/Ultimate Textured Building Pack - Dec 2019/Textured Models/Finished Textured Buildings/FBX/1Story_GableRoof.fbx using Guid(fbd62c559d6316d4885a7ff17a5ab8a1) Importer(815301076,1909f56bfc062723c751e8b465ee728b)  -> (artifact id: 'b564745b4f103672c85e2da18c09c605') in 0.021435 seconds 
  Import took 0.023886 seconds .

========================================================================
Received Import Request.
  Time since last request: 0.000467 seconds.
  path: Assets/Imported/Ultimate Textured Building Pack - Dec 2019/Textured Models/Finished Textured Buildings/FBX/2Story_RoundRoof.fbx
  artifactKey: Guid(f52be7ae0f042f0468a1b0daa76bf7d6) Importer(815301076,1909f56bfc062723c751e8b465ee728b)
Start importing Assets/Imported/Ultimate Textured Building Pack - Dec 2019/Textured Models/Finished Textured Buildings/FBX/2Story_RoundRoof.fbx using Guid(f52be7ae0f042f0468a1b0daa76bf7d6) Importer(815301076,1909f56bfc062723c751e8b465ee728b)  -> (artifact id: 'ce93fd232455d3e6926f2278c31c4258') in 0.021104 seconds 
  Import took 0.023408 seconds .

========================================================================
Received Import Request.
  Time since last request: 0.000439 seconds.
  path: Assets/Imported/Ultimate Textured Building Pack - Dec 2019/Textured Models/Finished Textured Buildings/FBX/3Story_Small.fbx
  artifactKey: Guid(bf1a328b2957cf647b9dbf42c3906460) Importer(815301076,1909f56bfc062723c751e8b465ee728b)
Start importing Assets/Imported/Ultimate Textured Building Pack - Dec 2019/Textured Models/Finished Textured Buildings/FBX/3Story_Small.fbx using Guid(bf1a328b2957cf647b9dbf42c3906460) Importer(815301076,1909f56bfc062723c751e8b465ee728b)  -> (artifact id: 'e26dd23bc3441e68a2999fffac78b922') in 0.020449 seconds 
  Import took 0.022809 seconds .

========================================================================
Received Import Request.
  Time since last request: 0.000455 seconds.
  path: Assets/Imported/Ultimate Textured Building Pack - Dec 2019/Textured Models/Finished Textured Buildings/FBX/2Story_Wide.fbx
  artifactKey: Guid(f55c6b777c6c0084facb20ebe0eb1ed7) Importer(815301076,1909f56bfc062723c751e8b465ee728b)
Start importing Assets/Imported/Ultimate Textured Building Pack - Dec 2019/Textured Models/Finished Textured Buildings/FBX/2Story_Wide.fbx using Guid(f55c6b777c6c0084facb20ebe0eb1ed7) Importer(815301076,1909f56bfc062723c751e8b465ee728b)  -> (artifact id: '8fa395269ad370c9d548a8b49262957e') in 0.019823 seconds 
  Import took 0.022275 seconds .

========================================================================
Received Import Request.
  Time since last request: 0.000353 seconds.
  path: Assets/Imported/Ultimate Textured Building Pack - Dec 2019/Textured Models/Finished Textured Buildings/FBX/2Story_Balcony.fbx
  artifactKey: Guid(20f66b9e88a0a6d47bf0b4560fc0e500) Importer(815301076,1909f56bfc062723c751e8b465ee728b)
Start importing Assets/Imported/Ultimate Textured Building Pack - Dec 2019/Textured Models/Finished Textured Buildings/FBX/2Story_Balcony.fbx using Guid(20f66b9e88a0a6d47bf0b4560fc0e500) Importer(815301076,1909f56bfc062723c751e8b465ee728b)  -> (artifact id: '526a09d98253ddaa3c71d70ec1cb297d') in 0.050731 seconds 
  Import took 0.053295 seconds .

========================================================================
Received Import Request.
  Time since last request: 0.000418 seconds.
  path: Assets/Imported/Ultimate Textured Building Pack - Dec 2019/Textured Models/Finished Textured Buildings/FBX/3Story_Balcony.fbx
  artifactKey: Guid(7e1e5267d6875ed43b6cbc21e1c7257f) Importer(815301076,1909f56bfc062723c751e8b465ee728b)
Start importing Assets/Imported/Ultimate Textured Building Pack - Dec 2019/Textured Models/Finished Textured Buildings/FBX/3Story_Balcony.fbx using Guid(7e1e5267d6875ed43b6cbc21e1c7257f) Importer(815301076,1909f56bfc062723c751e8b465ee728b)  -> (artifact id: '3af8d643679f3d131e0750107ff5c926') in 0.065252 seconds 
  Import took 0.067614 seconds .

========================================================================
Received Import Request.
  Time since last request: 0.000291 seconds.
  path: Assets/Imported/Ultimate Textured Building Pack - Dec 2019/Textured Models/Finished Textured Buildings/FBX/1Story_RoundRoof.fbx
  artifactKey: Guid(da0013cf36034cc4b8005ef50dc91e7d) Importer(815301076,1909f56bfc062723c751e8b465ee728b)
Start importing Assets/Imported/Ultimate Textured Building Pack - Dec 2019/Textured Models/Finished Textured Buildings/FBX/1Story_RoundRoof.fbx using Guid(da0013cf36034cc4b8005ef50dc91e7d) Importer(815301076,1909f56bfc062723c751e8b465ee728b)  -> (artifact id: 'a32a7a94d8ab8a102d1d9fcf326f6301') in 0.022250 seconds 
  Import took 0.024917 seconds .

========================================================================
Received Import Request.
  Time since last request: 0.000597 seconds.
  path: Assets/Imported/Ultimate Textured Building Pack - Dec 2019/Textured Models/Finished Textured Buildings/FBX/2Story_Sign.fbx
  artifactKey: Guid(13178d30962d26147a4be1fabd27df08) Importer(815301076,1909f56bfc062723c751e8b465ee728b)
Start importing Assets/Imported/Ultimate Textured Building Pack - Dec 2019/Textured Models/Finished Textured Buildings/FBX/2Story_Sign.fbx using Guid(13178d30962d26147a4be1fabd27df08) Importer(815301076,1909f56bfc062723c751e8b465ee728b)  -> (artifact id: '6035976fd4caa6de5384778007d611b9') in 0.046661 seconds 
  Import took 0.049617 seconds .

========================================================================
Received Import Request.
  Time since last request: 0.000453 seconds.
  path: Assets/Imported/Ultimate Textured Building Pack - Dec 2019/Textured Models/Finished Textured Buildings/FBX/4Story.fbx
  artifactKey: Guid(fb15e006c54797b4c984e111d13c3df8) Importer(815301076,1909f56bfc062723c751e8b465ee728b)
Start importing Assets/Imported/Ultimate Textured Building Pack - Dec 2019/Textured Models/Finished Textured Buildings/FBX/4Story.fbx using Guid(fb15e006c54797b4c984e111d13c3df8) Importer(815301076,1909f56bfc062723c751e8b465ee728b)  -> (artifact id: 'b3a083c95909368207f765aa6f9e431c') in 0.038593 seconds 
  Import took 0.040967 seconds .

========================================================================
Received Import Request.
  Time since last request: 0.000514 seconds.
  path: Assets/Imported/Ultimate Textured Building Pack - Dec 2019/Textured Models/Finished Textured Buildings/FBX/2Story_Sidehouse.fbx
  artifactKey: Guid(a32c47ae5b27b744e8b8b8669f8903c8) Importer(815301076,1909f56bfc062723c751e8b465ee728b)
Start importing Assets/Imported/Ultimate Textured Building Pack - Dec 2019/Textured Models/Finished Textured Buildings/FBX/2Story_Sidehouse.fbx using Guid(a32c47ae5b27b744e8b8b8669f8903c8) Importer(815301076,1909f56bfc062723c751e8b465ee728b)  -> (artifact id: '1edcb82868b788f1f12ea552d005bb3e') in 0.040241 seconds 
  Import took 0.042623 seconds .

========================================================================
Received Import Request.
  Time since last request: 0.000529 seconds.
  path: Assets/Imported/Ultimate Textured Building Pack - Dec 2019/Textured Models/Finished Textured Buildings/FBX/3Story_Slim.fbx
  artifactKey: Guid(1d9274320e657634dad874f4fe96993e) Importer(815301076,1909f56bfc062723c751e8b465ee728b)
Start importing Assets/Imported/Ultimate Textured Building Pack - Dec 2019/Textured Models/Finished Textured Buildings/FBX/3Story_Slim.fbx using Guid(1d9274320e657634dad874f4fe96993e) Importer(815301076,1909f56bfc062723c751e8b465ee728b)  -> (artifact id: '02f7005cdc57b60e5c995863c5ceeeec') in 0.052318 seconds 
  Import took 0.054999 seconds .

========================================================================
Received Import Request.
  Time since last request: 0.000542 seconds.
  path: Assets/Imported/Ultimate Textured Building Pack - Dec 2019/Textured Models/Finished Textured Buildings/FBX/2Story_Double.fbx
  artifactKey: Guid(1e2dd79af1ed95f418d2a028ab3345a8) Importer(815301076,1909f56bfc062723c751e8b465ee728b)
Start importing Assets/Imported/Ultimate Textured Building Pack - Dec 2019/Textured Models/Finished Textured Buildings/FBX/2Story_Double.fbx using Guid(1e2dd79af1ed95f418d2a028ab3345a8) Importer(815301076,1909f56bfc062723c751e8b465ee728b)  -> (artifact id: 'c355ba6f6d0b3be4b208a84cae1ffee1') in 0.046100 seconds 
  Import took 0.048642 seconds .

========================================================================
Received Import Request.
  Time since last request: 0.000493 seconds.
  path: Assets/Imported/Ultimate Textured Building Pack - Dec 2019/Textured Models/Finished Textured Buildings/FBX/1Story_Sign.fbx
  artifactKey: Guid(4c07fae75f3eff54db51ff6af991cf9f) Importer(815301076,1909f56bfc062723c751e8b465ee728b)
Start importing Assets/Imported/Ultimate Textured Building Pack - Dec 2019/Textured Models/Finished Textured Buildings/FBX/1Story_Sign.fbx using Guid(4c07fae75f3eff54db51ff6af991cf9f) Importer(815301076,1909f56bfc062723c751e8b465ee728b)  -> (artifact id: '06af1246ca0433fc96f6209e293c1acd') in 0.021300 seconds 
  Import took 0.023918 seconds .

========================================================================
Received Import Request.
  Time since last request: 0.000536 seconds.
  path: Assets/Imported/Ultimate Textured Building Pack - Dec 2019/Textured Models/Finished Textured Buildings/FBX/2Story_GableRoof.fbx
  artifactKey: Guid(e33e5b3f8030dea46a0defa5eab8916c) Importer(815301076,1909f56bfc062723c751e8b465ee728b)
Start importing Assets/Imported/Ultimate Textured Building Pack - Dec 2019/Textured Models/Finished Textured Buildings/FBX/2Story_GableRoof.fbx using Guid(e33e5b3f8030dea46a0defa5eab8916c) Importer(815301076,1909f56bfc062723c751e8b465ee728b)  -> (artifact id: '1f4615ef85a501e30f9bb8613e90d562') in 0.021021 seconds 
  Import took 0.024586 seconds .

========================================================================
Received Import Request.
  Time since last request: 0.000468 seconds.
  path: Assets/Imported/Ultimate Textured Building Pack - Dec 2019/Textured Models/Finished Textured Buildings/FBX/2Story_Slim.fbx
  artifactKey: Guid(2301fcbb03010774393596e5f14b4053) Importer(815301076,1909f56bfc062723c751e8b465ee728b)
Start importing Assets/Imported/Ultimate Textured Building Pack - Dec 2019/Textured Models/Finished Textured Buildings/FBX/2Story_Slim.fbx using Guid(2301fcbb03010774393596e5f14b4053) Importer(815301076,1909f56bfc062723c751e8b465ee728b)  -> (artifact id: '8b6cb90be523d5a5d12124b87ed5c703') in 0.019943 seconds 
  Import took 0.022582 seconds .

========================================================================
Received Import Request.
  Time since last request: 0.000561 seconds.
  path: Assets/Imported/Ultimate Textured Building Pack - Dec 2019/Textured Models/Finished Textured Buildings/FBX/2Story.fbx
  artifactKey: Guid(227b9b6270a5a254a8eed62cb52cfdfc) Importer(815301076,1909f56bfc062723c751e8b465ee728b)
Start importing Assets/Imported/Ultimate Textured Building Pack - Dec 2019/Textured Models/Finished Textured Buildings/FBX/2Story.fbx using Guid(227b9b6270a5a254a8eed62cb52cfdfc) Importer(815301076,1909f56bfc062723c751e8b465ee728b)  -> (artifact id: 'a0b8e9643699f17aea36cc605f789fef') in 0.041699 seconds 
  Import took 0.044354 seconds .

========================================================================
Received Import Request.
  Time since last request: 0.000559 seconds.
  path: Assets/Imported/Ultimate Textured Building Pack - Dec 2019/Textured Models/Finished Textured Buildings/FBX/2Story_Columns.fbx
  artifactKey: Guid(239336e339b3b614580d3ad937554379) Importer(815301076,1909f56bfc062723c751e8b465ee728b)
Start importing Assets/Imported/Ultimate Textured Building Pack - Dec 2019/Textured Models/Finished Textured Buildings/FBX/2Story_Columns.fbx using Guid(239336e339b3b614580d3ad937554379) Importer(815301076,1909f56bfc062723c751e8b465ee728b)  -> (artifact id: '16e5b9bec6c135cacc61519ee0543705') in 0.029509 seconds 
  Import took 0.032267 seconds .

========================================================================
Received Import Request.
  Time since last request: 5.058657 seconds.
  path: Assets/Imported/Ultimate Textured Building Pack - Dec 2019/Models with Materials
  artifactKey: Guid(88d3ff6efe5b1f54d9cc13feac9f8688) Importer(815301076,1909f56bfc062723c751e8b465ee728b)
Start importing Assets/Imported/Ultimate Textured Building Pack - Dec 2019/Models with Materials using Guid(88d3ff6efe5b1f54d9cc13feac9f8688) Importer(815301076,1909f56bfc062723c751e8b465ee728b)  -> (artifact id: '71f012f386775015914929453335f2ea') in 0.003226 seconds 
  Import took 0.006004 seconds .

========================================================================
Received Import Request.
  Time since last request: 0.865062 seconds.
  path: Assets/Imported/Ultimate Textured Building Pack - Dec 2019/Models with Materials/FBX
  artifactKey: Guid(4d233a3ec2a049b478e1cc2862291ac3) Importer(815301076,1909f56bfc062723c751e8b465ee728b)
Start importing Assets/Imported/Ultimate Textured Building Pack - Dec 2019/Models with Materials/FBX using Guid(4d233a3ec2a049b478e1cc2862291ac3) Importer(815301076,1909f56bfc062723c751e8b465ee728b)  -> (artifact id: '162bd6324da3f54603d5938572fc3e98') in 0.002477 seconds 
  Import took 0.005044 seconds .

========================================================================
Received Import Request.
  Time since last request: 0.055247 seconds.
  path: Assets/Imported/Ultimate Textured Building Pack - Dec 2019/Models with Materials/FBX/1Story_GableRoof_Mat.fbx
  artifactKey: Guid(c68a2b0b726097c4fac1396f9e569a9e) Importer(815301076,1909f56bfc062723c751e8b465ee728b)
Start importing Assets/Imported/Ultimate Textured Building Pack - Dec 2019/Models with Materials/FBX/1Story_GableRoof_Mat.fbx using Guid(c68a2b0b726097c4fac1396f9e569a9e) Importer(815301076,1909f56bfc062723c751e8b465ee728b)  -> (artifact id: '5b15f1ae3149daa7fa1009704763baf2') in 0.043115 seconds 
  Import took 0.045654 seconds .

========================================================================
Received Import Request.
  Time since last request: 0.000489 seconds.
  path: Assets/Imported/Ultimate Textured Building Pack - Dec 2019/Models with Materials/FBX/2Story_Slim_Mat.fbx
  artifactKey: Guid(87f1a639fa61fae48ae45e532ffcf3cf) Importer(815301076,1909f56bfc062723c751e8b465ee728b)
Start importing Assets/Imported/Ultimate Textured Building Pack - Dec 2019/Models with Materials/FBX/2Story_Slim_Mat.fbx using Guid(87f1a639fa61fae48ae45e532ffcf3cf) Importer(815301076,1909f56bfc062723c751e8b465ee728b)  -> (artifact id: 'ddd2d30372b79982547e4bae9526b65b') in 0.087616 seconds 
  Import took 0.089968 seconds .

========================================================================
Received Import Request.
  Time since last request: 0.000529 seconds.
  path: Assets/Imported/Ultimate Textured Building Pack - Dec 2019/Models with Materials/FBX/2Story_Wide_2Doors_Mat.fbx
  artifactKey: Guid(0149d4c2090f6ec42b3ac8bd41a46e22) Importer(815301076,1909f56bfc062723c751e8b465ee728b)
Start importing Assets/Imported/Ultimate Textured Building Pack - Dec 2019/Models with Materials/FBX/2Story_Wide_2Doors_Mat.fbx using Guid(0149d4c2090f6ec42b3ac8bd41a46e22) Importer(815301076,1909f56bfc062723c751e8b465ee728b)  -> (artifact id: 'a481f383de7a47fd1cb136ed5916c75b') in 0.062722 seconds 
  Import took 0.065047 seconds .

========================================================================
Received Import Request.
  Time since last request: 0.000331 seconds.
  path: Assets/Imported/Ultimate Textured Building Pack - Dec 2019/Models with Materials/FBX/2Story_Mat.fbx
  artifactKey: Guid(d74490c9c88335f4b8db8ae1adc844e5) Importer(815301076,1909f56bfc062723c751e8b465ee728b)
Start importing Assets/Imported/Ultimate Textured Building Pack - Dec 2019/Models with Materials/FBX/2Story_Mat.fbx using Guid(d74490c9c88335f4b8db8ae1adc844e5) Importer(815301076,1909f56bfc062723c751e8b465ee728b)  -> (artifact id: 'a8b4f512db0cd08b25a7e5907ac7da11') in 0.051609 seconds 
  Import took 0.054038 seconds .

========================================================================
Received Import Request.
  Time since last request: 0.000377 seconds.
  path: Assets/Imported/Ultimate Textured Building Pack - Dec 2019/Models with Materials/FBX/4Story_Center_Mat.fbx
  artifactKey: Guid(4a26c01fe7d59fb4d93c25223ae4f9a3) Importer(815301076,1909f56bfc062723c751e8b465ee728b)
Start importing Assets/Imported/Ultimate Textured Building Pack - Dec 2019/Models with Materials/FBX/4Story_Center_Mat.fbx using Guid(4a26c01fe7d59fb4d93c25223ae4f9a3) Importer(815301076,1909f56bfc062723c751e8b465ee728b)  -> (artifact id: 'f85ef96e7e41bd3c150611d2a6e89437') in 0.042036 seconds 
  Import took 0.044547 seconds .

========================================================================
Received Import Request.
  Time since last request: 0.000393 seconds.
  path: Assets/Imported/Ultimate Textured Building Pack - Dec 2019/Models with Materials/FBX/2Story_2_Mat.fbx
  artifactKey: Guid(691244b9668fa9343b3f61f7563eb2d1) Importer(815301076,1909f56bfc062723c751e8b465ee728b)
Start importing Assets/Imported/Ultimate Textured Building Pack - Dec 2019/Models with Materials/FBX/2Story_2_Mat.fbx using Guid(691244b9668fa9343b3f61f7563eb2d1) Importer(815301076,1909f56bfc062723c751e8b465ee728b)  -> (artifact id: 'f654c9df0d8335deebd1541687f8ac27') in 0.050517 seconds 
  Import took 0.052833 seconds .

========================================================================
Received Import Request.
  Time since last request: 0.000361 seconds.
  path: Assets/Imported/Ultimate Textured Building Pack - Dec 2019/Models with Materials/FBX/2Story_Sign_Mat.fbx
  artifactKey: Guid(aa8610d8a1aee1846805e3ea1f0d3546) Importer(815301076,1909f56bfc062723c751e8b465ee728b)
Start importing Assets/Imported/Ultimate Textured Building Pack - Dec 2019/Models with Materials/FBX/2Story_Sign_Mat.fbx using Guid(aa8610d8a1aee1846805e3ea1f0d3546) Importer(815301076,1909f56bfc062723c751e8b465ee728b)  -> (artifact id: '1bc111b61011b73f16e00effb397addf') in 0.039811 seconds 
  Import took 0.042170 seconds .

========================================================================
Received Import Request.
  Time since last request: 0.000441 seconds.
  path: Assets/Imported/Ultimate Textured Building Pack - Dec 2019/Models with Materials/FBX/2Story_Center_Mat.fbx
  artifactKey: Guid(cff301172e147f840ae23699e35c4690) Importer(815301076,1909f56bfc062723c751e8b465ee728b)
Start importing Assets/Imported/Ultimate Textured Building Pack - Dec 2019/Models with Materials/FBX/2Story_Center_Mat.fbx using Guid(cff301172e147f840ae23699e35c4690) Importer(815301076,1909f56bfc062723c751e8b465ee728b)  -> (artifact id: '51a34b7e91f3b53265cdb0d618592711') in 0.040997 seconds 
  Import took 0.043431 seconds .

========================================================================
Received Import Request.
  Time since last request: 0.000511 seconds.
  path: Assets/Imported/Ultimate Textured Building Pack - Dec 2019/Models with Materials/FBX/1Story_RoundRoof_Mat.fbx
  artifactKey: Guid(a9a7927182266fe4181d47e2abcd266f) Importer(815301076,1909f56bfc062723c751e8b465ee728b)
Start importing Assets/Imported/Ultimate Textured Building Pack - Dec 2019/Models with Materials/FBX/1Story_RoundRoof_Mat.fbx using Guid(a9a7927182266fe4181d47e2abcd266f) Importer(815301076,1909f56bfc062723c751e8b465ee728b)  -> (artifact id: 'c7a0cd99a7b869f67f78ebf8c601219e') in 0.033412 seconds 
  Import took 0.036163 seconds .

========================================================================
Received Import Request.
  Time since last request: 0.000333 seconds.
  path: Assets/Imported/Ultimate Textured Building Pack - Dec 2019/Models with Materials/FBX/1Story_Sign_Mat.fbx
  artifactKey: Guid(a6388f5ab9bedb446872e4ecf1ad5ff8) Importer(815301076,1909f56bfc062723c751e8b465ee728b)
Start importing Assets/Imported/Ultimate Textured Building Pack - Dec 2019/Models with Materials/FBX/1Story_Sign_Mat.fbx using Guid(a6388f5ab9bedb446872e4ecf1ad5ff8) Importer(815301076,1909f56bfc062723c751e8b465ee728b)  -> (artifact id: '516bee5a9a351163597c003102b86d36') in 0.062271 seconds 
  Import took 0.064669 seconds .

========================================================================
Received Import Request.
  Time since last request: 0.000361 seconds.
  path: Assets/Imported/Ultimate Textured Building Pack - Dec 2019/Models with Materials/FBX/2Story_GableRoof_Mat.fbx
  artifactKey: Guid(d139fae6a0cd9e14d8178ee334c24682) Importer(815301076,1909f56bfc062723c751e8b465ee728b)
Start importing Assets/Imported/Ultimate Textured Building Pack - Dec 2019/Models with Materials/FBX/2Story_GableRoof_Mat.fbx using Guid(d139fae6a0cd9e14d8178ee334c24682) Importer(815301076,1909f56bfc062723c751e8b465ee728b)  -> (artifact id: 'cc924f94cd9112e1c4f87ecbda5549f7') in 0.069636 seconds 
  Import took 0.071899 seconds .

========================================================================
Received Import Request.
  Time since last request: 0.000382 seconds.
  path: Assets/Imported/Ultimate Textured Building Pack - Dec 2019/Models with Materials/FBX/3Story_Small_Mat.fbx
  artifactKey: Guid(410220c7ac2fa7546a0e2af08f0e0245) Importer(815301076,1909f56bfc062723c751e8b465ee728b)
Start importing Assets/Imported/Ultimate Textured Building Pack - Dec 2019/Models with Materials/FBX/3Story_Small_Mat.fbx using Guid(410220c7ac2fa7546a0e2af08f0e0245) Importer(815301076,1909f56bfc062723c751e8b465ee728b)  -> (artifact id: '043cf3e77744779871ecaf2f2fef264a') in 0.045406 seconds 
  Import took 0.047925 seconds .

========================================================================
Received Import Request.
  Time since last request: 0.000447 seconds.
  path: Assets/Imported/Ultimate Textured Building Pack - Dec 2019/Models with Materials/FBX/1Story_Mat.fbx
  artifactKey: Guid(e24d0169e6dcced43b36f9c0b5e0d700) Importer(815301076,1909f56bfc062723c751e8b465ee728b)
Start importing Assets/Imported/Ultimate Textured Building Pack - Dec 2019/Models with Materials/FBX/1Story_Mat.fbx using Guid(e24d0169e6dcced43b36f9c0b5e0d700) Importer(815301076,1909f56bfc062723c751e8b465ee728b)  -> (artifact id: '189ba5effe6c66a3ea576568f7804324') in 0.064410 seconds 
  Import took 0.066799 seconds .

========================================================================
Received Import Request.
  Time since last request: 0.000408 seconds.
  path: Assets/Imported/Ultimate Textured Building Pack - Dec 2019/Models with Materials/FBX/2Story_Sidehouse_Mat.fbx
  artifactKey: Guid(86950ccd6415a804abb2aee7f741b50f) Importer(815301076,1909f56bfc062723c751e8b465ee728b)
Start importing Assets/Imported/Ultimate Textured Building Pack - Dec 2019/Models with Materials/FBX/2Story_Sidehouse_Mat.fbx using Guid(86950ccd6415a804abb2aee7f741b50f) Importer(815301076,1909f56bfc062723c751e8b465ee728b)  -> (artifact id: '13182ce808e49ab6aa4d4166f4770856') in 0.067822 seconds 
  Import took 0.070174 seconds .

========================================================================
Received Import Request.
  Time since last request: 0.000314 seconds.
  path: Assets/Imported/Ultimate Textured Building Pack - Dec 2019/Models with Materials/FBX/3Story_Balcony_Mat.fbx
  artifactKey: Guid(7582dfb86a2d1fe4eb735a4de0ba90d2) Importer(815301076,1909f56bfc062723c751e8b465ee728b)
Start importing Assets/Imported/Ultimate Textured Building Pack - Dec 2019/Models with Materials/FBX/3Story_Balcony_Mat.fbx using Guid(7582dfb86a2d1fe4eb735a4de0ba90d2) Importer(815301076,1909f56bfc062723c751e8b465ee728b)  -> (artifact id: '6146ca83593df6238b2d0cb2c95240be') in 0.046629 seconds 
  Import took 0.049189 seconds .

========================================================================
Received Import Request.
  Time since last request: 0.000356 seconds.
  path: Assets/Imported/Ultimate Textured Building Pack - Dec 2019/Models with Materials/FBX/2Story_RoundRoof_Mat.fbx
  artifactKey: Guid(7f3863e053a73b5439a8f06ef4689cd9) Importer(815301076,1909f56bfc062723c751e8b465ee728b)
Start importing Assets/Imported/Ultimate Textured Building Pack - Dec 2019/Models with Materials/FBX/2Story_RoundRoof_Mat.fbx using Guid(7f3863e053a73b5439a8f06ef4689cd9) Importer(815301076,1909f56bfc062723c751e8b465ee728b)  -> (artifact id: '18b59560be0829ab80f9d03904cd50f2') in 0.046310 seconds 
  Import took 0.048643 seconds .

========================================================================
Received Import Request.
  Time since last request: 0.000407 seconds.
  path: Assets/Imported/Ultimate Textured Building Pack - Dec 2019/Models with Materials/FBX/2Story_Columns_Mat.fbx
  artifactKey: Guid(d27af02abf9471b4ea1325da1d4e091f) Importer(815301076,1909f56bfc062723c751e8b465ee728b)
Start importing Assets/Imported/Ultimate Textured Building Pack - Dec 2019/Models with Materials/FBX/2Story_Columns_Mat.fbx using Guid(d27af02abf9471b4ea1325da1d4e091f) Importer(815301076,1909f56bfc062723c751e8b465ee728b)  -> (artifact id: 'cca33c59447b87a458218da2a98493a5') in 0.052668 seconds 
  Import took 0.054983 seconds .

========================================================================
Received Import Request.
  Time since last request: 0.000405 seconds.
  path: Assets/Imported/Ultimate Textured Building Pack - Dec 2019/Models with Materials/FBX/3Story_Slim_Mat.fbx
  artifactKey: Guid(6f4f2b39259684048a532849f2e2eb00) Importer(815301076,1909f56bfc062723c751e8b465ee728b)
Start importing Assets/Imported/Ultimate Textured Building Pack - Dec 2019/Models with Materials/FBX/3Story_Slim_Mat.fbx using Guid(6f4f2b39259684048a532849f2e2eb00) Importer(815301076,1909f56bfc062723c751e8b465ee728b)  -> (artifact id: '18914c9af572db5357cc074c265cb4ed') in 0.058029 seconds 
  Import took 0.060500 seconds .

========================================================================
Received Import Request.
  Time since last request: 0.000394 seconds.
  path: Assets/Imported/Ultimate Textured Building Pack - Dec 2019/Models with Materials/FBX/2Story_Stairs_Mat.fbx
  artifactKey: Guid(8592467a9a68c3e40b37d9b145ca3b07) Importer(815301076,1909f56bfc062723c751e8b465ee728b)
Start importing Assets/Imported/Ultimate Textured Building Pack - Dec 2019/Models with Materials/FBX/2Story_Stairs_Mat.fbx using Guid(8592467a9a68c3e40b37d9b145ca3b07) Importer(815301076,1909f56bfc062723c751e8b465ee728b)  -> (artifact id: '0c0ebe39dccb6192dfa81b8f8c601e79') in 0.068522 seconds 
  Import took 0.070938 seconds .

========================================================================
Received Import Request.
  Time since last request: 0.000370 seconds.
  path: Assets/Imported/Ultimate Textured Building Pack - Dec 2019/Models with Materials/FBX/2Story_Double_Mat.fbx
  artifactKey: Guid(66065ceff5b7d62458fb54a3034e418b) Importer(815301076,1909f56bfc062723c751e8b465ee728b)
Start importing Assets/Imported/Ultimate Textured Building Pack - Dec 2019/Models with Materials/FBX/2Story_Double_Mat.fbx using Guid(66065ceff5b7d62458fb54a3034e418b) Importer(815301076,1909f56bfc062723c751e8b465ee728b)  -> (artifact id: 'bc4e034bce68b452e97ff636c78214c7') in 0.091135 seconds 
  Import took 0.093503 seconds .

========================================================================
Received Import Request.
  Time since last request: 0.000552 seconds.
  path: Assets/Imported/Ultimate Textured Building Pack - Dec 2019/Models with Materials/FBX/2Story_Balcony_Mat.fbx
  artifactKey: Guid(192a1b7b05f92314488ffc8aacb46098) Importer(815301076,1909f56bfc062723c751e8b465ee728b)
Start importing Assets/Imported/Ultimate Textured Building Pack - Dec 2019/Models with Materials/FBX/2Story_Balcony_Mat.fbx using Guid(192a1b7b05f92314488ffc8aacb46098) Importer(815301076,1909f56bfc062723c751e8b465ee728b)  -> (artifact id: '607bc3aa9b03afdd6bd6651f2b4ef995') in 0.064130 seconds 
  Import took 0.066543 seconds .

========================================================================
Received Import Request.
  Time since last request: 0.000594 seconds.
  path: Assets/Imported/Ultimate Textured Building Pack - Dec 2019/Models with Materials/FBX/2Story_Wide_Mat.fbx
  artifactKey: Guid(f5eed92cec67a7743be337b412487c45) Importer(815301076,1909f56bfc062723c751e8b465ee728b)
Start importing Assets/Imported/Ultimate Textured Building Pack - Dec 2019/Models with Materials/FBX/2Story_Wide_Mat.fbx using Guid(f5eed92cec67a7743be337b412487c45) Importer(815301076,1909f56bfc062723c751e8b465ee728b)  -> (artifact id: '3fbb316ccc801966170ef5b54a159581') in 0.088362 seconds 
  Import took 0.090741 seconds .

========================================================================
Received Import Request.
  Time since last request: 0.430678 seconds.
  path: Assets/Imported/Ultimate Textured Building Pack - Dec 2019/Models with Materials/FBX/4Story_Mat.fbx
  artifactKey: Guid(6c7ad8a3d4c54084289661b98e2dd1df) Importer(815301076,1909f56bfc062723c751e8b465ee728b)
Start importing Assets/Imported/Ultimate Textured Building Pack - Dec 2019/Models with Materials/FBX/4Story_Mat.fbx using Guid(6c7ad8a3d4c54084289661b98e2dd1df) Importer(815301076,1909f56bfc062723c751e8b465ee728b)  -> (artifact id: '7cd1c8594fc8670e7e52e5bb33f985b6') in 0.060743 seconds 
  Import took 0.063705 seconds .

========================================================================
Received Import Request.
  Time since last request: 0.000526 seconds.
  path: Assets/Imported/Ultimate Textured Building Pack - Dec 2019/Models with Materials/FBX/6Story_Stack_Mat.fbx
  artifactKey: Guid(722acc5a517f4dc46b13915042aa3b77) Importer(815301076,1909f56bfc062723c751e8b465ee728b)
Start importing Assets/Imported/Ultimate Textured Building Pack - Dec 2019/Models with Materials/FBX/6Story_Stack_Mat.fbx using Guid(722acc5a517f4dc46b13915042aa3b77) Importer(815301076,1909f56bfc062723c751e8b465ee728b)  -> (artifact id: 'c3cdbab2ed771273e704c7c27a904271') in 0.067042 seconds 
  Import took 0.069549 seconds .

========================================================================
Received Import Request.
  Time since last request: 0.000429 seconds.
  path: Assets/Imported/Ultimate Textured Building Pack - Dec 2019/Models with Materials/FBX/4Story_Wide_2Doors_Roof_Mat.fbx
  artifactKey: Guid(72c04dfdc88ed8847acc6b0900810e6d) Importer(815301076,1909f56bfc062723c751e8b465ee728b)
Start importing Assets/Imported/Ultimate Textured Building Pack - Dec 2019/Models with Materials/FBX/4Story_Wide_2Doors_Roof_Mat.fbx using Guid(72c04dfdc88ed8847acc6b0900810e6d) Importer(815301076,1909f56bfc062723c751e8b465ee728b)  -> (artifact id: '4636bbaa28d786a067620a6ae2a25383') in 0.061554 seconds 
  Import took 0.063947 seconds .

========================================================================
Received Import Request.
  Time since last request: 0.000414 seconds.
  path: Assets/Imported/Ultimate Textured Building Pack - Dec 2019/Models with Materials/FBX/4Story_Wide_2Doors_Mat.fbx
  artifactKey: Guid(83162fb64e03e784fa505618e06e9471) Importer(815301076,1909f56bfc062723c751e8b465ee728b)
Start importing Assets/Imported/Ultimate Textured Building Pack - Dec 2019/Models with Materials/FBX/4Story_Wide_2Doors_Mat.fbx using Guid(83162fb64e03e784fa505618e06e9471) Importer(815301076,1909f56bfc062723c751e8b465ee728b)  -> (artifact id: '225c27bb350633fb1897a72f52cc0109') in 0.064435 seconds 
  Import took 0.066785 seconds .

========================================================================
Received Import Request.
  Time since last request: 52.813141 seconds.
  path: Assets/Prefabs/Road_Buildings/Buildings_BLocks_1.prefab
  artifactKey: Guid(3bb15a90699b9a0419a9910fad68baf6) Importer(815301076,1909f56bfc062723c751e8b465ee728b)
Start importing Assets/Prefabs/Road_Buildings/Buildings_BLocks_1.prefab using Guid(3bb15a90699b9a0419a9910fad68baf6) Importer(815301076,1909f56bfc062723c751e8b465ee728b)  -> (artifact id: 'b3105334e262165fa1389d43f88ca644') in 1.315680 seconds 
  Import took 1.318711 seconds .

========================================================================
Received Import Request.
  Time since last request: 0.000574 seconds.
  path: Assets/Prefabs/Road_Buildings/Coins_Buildings_L.prefab
  artifactKey: Guid(27e04b26273f7754a86ab806e9bbd54d) Importer(815301076,1909f56bfc062723c751e8b465ee728b)
Start importing Assets/Prefabs/Road_Buildings/Coins_Buildings_L.prefab using Guid(27e04b26273f7754a86ab806e9bbd54d) Importer(815301076,1909f56bfc062723c751e8b465ee728b)  -> (artifact id: '8761dd966c8e46dd54373f876947589b') in 1.147344 seconds 
  Import took 1.150418 seconds .

========================================================================
Received Import Request.
  Time since last request: 0.000557 seconds.
  path: Assets/Prefabs/Road_Buildings/Buildings_BLocks_2.prefab
  artifactKey: Guid(3158ec2710983e8479771e601fc4eecd) Importer(815301076,1909f56bfc062723c751e8b465ee728b)
Start importing Assets/Prefabs/Road_Buildings/Buildings_BLocks_2.prefab using Guid(3158ec2710983e8479771e601fc4eecd) Importer(815301076,1909f56bfc062723c751e8b465ee728b)  -> (artifact id: 'e41cb5e9abae2296b9022c3efa429497') in 1.184227 seconds 
  Import took 1.187289 seconds .

========================================================================
Received Import Request.
  Time since last request: 0.000568 seconds.
  path: Assets/Prefabs/Road_Buildings/Coins_Buildings_R.prefab
  artifactKey: Guid(5f1eb851150200245b85b7036552b842) Importer(815301076,1909f56bfc062723c751e8b465ee728b)
Start importing Assets/Prefabs/Road_Buildings/Coins_Buildings_R.prefab using Guid(5f1eb851150200245b85b7036552b842) Importer(815301076,1909f56bfc062723c751e8b465ee728b)  -> (artifact id: '512afa93a29f83991842d6ec18af22d5') in 1.258215 seconds 
  Import took 1.261152 seconds .

========================================================================
Received Import Request.
  Time since last request: 8.450677 seconds.
  path: Assets/Prefabs/Road_Buildings/Buildings_BLocks_1.prefab
  artifactKey: Guid(3bb15a90699b9a0419a9910fad68baf6) Importer(815301076,1909f56bfc062723c751e8b465ee728b)
Start importing Assets/Prefabs/Road_Buildings/Buildings_BLocks_1.prefab using Guid(3bb15a90699b9a0419a9910fad68baf6) Importer(815301076,1909f56bfc062723c751e8b465ee728b)  -> (artifact id: '621b64def84dcfd47268be37b9f02784') in 1.236700 seconds 
  Import took 1.239893 seconds .

========================================================================
Received Import Request.
  Time since last request: 0.000484 seconds.
  path: Assets/Prefabs/Road_Buildings/Coins_Buildings_L.prefab
  artifactKey: Guid(27e04b26273f7754a86ab806e9bbd54d) Importer(815301076,1909f56bfc062723c751e8b465ee728b)
Start importing Assets/Prefabs/Road_Buildings/Coins_Buildings_L.prefab using Guid(27e04b26273f7754a86ab806e9bbd54d) Importer(815301076,1909f56bfc062723c751e8b465ee728b)  -> (artifact id: '334f02981fd91fff78b02598947337fc') in 1.045931 seconds 
  Import took 1.049005 seconds .

========================================================================
Received Import Request.
  Time since last request: 0.000895 seconds.
  path: Assets/Prefabs/Road_Buildings/Buildings_BLocks_2.prefab
  artifactKey: Guid(3158ec2710983e8479771e601fc4eecd) Importer(815301076,1909f56bfc062723c751e8b465ee728b)
Start importing Assets/Prefabs/Road_Buildings/Buildings_BLocks_2.prefab using Guid(3158ec2710983e8479771e601fc4eecd) Importer(815301076,1909f56bfc062723c751e8b465ee728b)  -> (artifact id: '355cd7cac2d46e42decaf8a3108e4303') in 1.172981 seconds 
  Import took 1.176366 seconds .

========================================================================
Received Import Request.
  Time since last request: 0.000548 seconds.
  path: Assets/Prefabs/Road_Buildings/Coins_Buildings_R.prefab
  artifactKey: Guid(5f1eb851150200245b85b7036552b842) Importer(815301076,1909f56bfc062723c751e8b465ee728b)
Start importing Assets/Prefabs/Road_Buildings/Coins_Buildings_R.prefab using Guid(5f1eb851150200245b85b7036552b842) Importer(815301076,1909f56bfc062723c751e8b465ee728b)  -> (artifact id: 'be50ac39fd41ba733b72dee6c42643d1') in 1.200144 seconds 
  Import took 1.203460 seconds .

========================================================================
Received Import Request.
  Time since last request: 4.013917 seconds.
  path: Assets/Prefabs/Road_Buildings/Buildings_BLocks_1.prefab
  artifactKey: Guid(3bb15a90699b9a0419a9910fad68baf6) Importer(815301076,1909f56bfc062723c751e8b465ee728b)
Start importing Assets/Prefabs/Road_Buildings/Buildings_BLocks_1.prefab using Guid(3bb15a90699b9a0419a9910fad68baf6) Importer(815301076,1909f56bfc062723c751e8b465ee728b)  -> (artifact id: '89fa2aaf4250716872e73612409e4546') in 1.094585 seconds 
  Import took 1.097577 seconds .

========================================================================
Received Import Request.
  Time since last request: 17.920160 seconds.
  path: Assets/Prefabs/Road_Buildings/Buildings_BLocks_1.prefab
  artifactKey: Guid(3bb15a90699b9a0419a9910fad68baf6) Importer(815301076,1909f56bfc062723c751e8b465ee728b)
Start importing Assets/Prefabs/Road_Buildings/Buildings_BLocks_1.prefab using Guid(3bb15a90699b9a0419a9910fad68baf6) Importer(815301076,1909f56bfc062723c751e8b465ee728b)  -> (artifact id: '8f3706fd11128d357108648bad136d93') in 1.139276 seconds 
  Import took 1.143216 seconds .

========================================================================
Received Import Request.
  Time since last request: 0.000561 seconds.
  path: Assets/Prefabs/Road_Buildings/Coins_Buildings_L.prefab
  artifactKey: Guid(27e04b26273f7754a86ab806e9bbd54d) Importer(815301076,1909f56bfc062723c751e8b465ee728b)
Start importing Assets/Prefabs/Road_Buildings/Coins_Buildings_L.prefab using Guid(27e04b26273f7754a86ab806e9bbd54d) Importer(815301076,1909f56bfc062723c751e8b465ee728b)  -> (artifact id: '0667c223936980a28e5a04fe6202b708') in 1.112465 seconds 
  Import took 1.115487 seconds .

========================================================================
Received Import Request.
  Time since last request: 0.000549 seconds.
  path: Assets/Prefabs/Road_Buildings/Buildings_BLocks_2.prefab
  artifactKey: Guid(3158ec2710983e8479771e601fc4eecd) Importer(815301076,1909f56bfc062723c751e8b465ee728b)
Start importing Assets/Prefabs/Road_Buildings/Buildings_BLocks_2.prefab using Guid(3158ec2710983e8479771e601fc4eecd) Importer(815301076,1909f56bfc062723c751e8b465ee728b)  -> (artifact id: 'a27779fa97552cd6b532e6b29983367b') in 1.073995 seconds 
  Import took 1.077131 seconds .

========================================================================
Received Import Request.
  Time since last request: 0.000458 seconds.
  path: Assets/Prefabs/Road_Buildings/Coins_Buildings_R.prefab
  artifactKey: Guid(5f1eb851150200245b85b7036552b842) Importer(815301076,1909f56bfc062723c751e8b465ee728b)
Start importing Assets/Prefabs/Road_Buildings/Coins_Buildings_R.prefab using Guid(5f1eb851150200245b85b7036552b842) Importer(815301076,1909f56bfc062723c751e8b465ee728b)  -> (artifact id: 'fe456506bde1dc4b4a2c6d78e56483ac') in 1.193295 seconds 
  Import took 1.196499 seconds .

========================================================================
Received Import Request.
  Time since last request: 8.999296 seconds.
  path: Assets/Prefabs/Road_Buildings/Buildings_BLocks_1.prefab
  artifactKey: Guid(3bb15a90699b9a0419a9910fad68baf6) Importer(815301076,1909f56bfc062723c751e8b465ee728b)
Start importing Assets/Prefabs/Road_Buildings/Buildings_BLocks_1.prefab using Guid(3bb15a90699b9a0419a9910fad68baf6) Importer(815301076,1909f56bfc062723c751e8b465ee728b)  -> (artifact id: 'ce65b048c47d82eb93ab7cf24666dd8c') in 1.106506 seconds 
  Import took 1.109610 seconds .

========================================================================
Received Import Request.
  Time since last request: 0.000586 seconds.
  path: Assets/Prefabs/Road_Buildings/Coins_Buildings_L.prefab
  artifactKey: Guid(27e04b26273f7754a86ab806e9bbd54d) Importer(815301076,1909f56bfc062723c751e8b465ee728b)
Start importing Assets/Prefabs/Road_Buildings/Coins_Buildings_L.prefab using Guid(27e04b26273f7754a86ab806e9bbd54d) Importer(815301076,1909f56bfc062723c751e8b465ee728b)  -> (artifact id: '058c4b5eb8101e38b431f8480371b7e1') in 1.092365 seconds 
  Import took 1.095254 seconds .

========================================================================
Received Import Request.
  Time since last request: 0.000538 seconds.
  path: Assets/Prefabs/Road_Buildings/Coins_Buildings_L.prefab
  artifactKey: Guid(27e04b26273f7754a86ab806e9bbd54d) Importer(815301076,1909f56bfc062723c751e8b465ee728b)
Start importing Assets/Prefabs/Road_Buildings/Coins_Buildings_L.prefab using Guid(27e04b26273f7754a86ab806e9bbd54d) Importer(815301076,1909f56bfc062723c751e8b465ee728b)  -> (artifact id: '7dc810dd361ee462efbb683ad297873c') in 1.035195 seconds 
  Import took 1.038016 seconds .

========================================================================
Received Import Request.
  Time since last request: 0.000508 seconds.
  path: Assets/Prefabs/Road_Buildings/Buildings_BLocks_1.prefab
  artifactKey: Guid(3bb15a90699b9a0419a9910fad68baf6) Importer(815301076,1909f56bfc062723c751e8b465ee728b)
Start importing Assets/Prefabs/Road_Buildings/Buildings_BLocks_1.prefab using Guid(3bb15a90699b9a0419a9910fad68baf6) Importer(815301076,1909f56bfc062723c751e8b465ee728b)  -> (artifact id: '2f547674f45c50b453f256f7572a08d4') in 1.158274 seconds 
  Import took 1.161052 seconds .

========================================================================
Received Import Request.
  Time since last request: 0.000581 seconds.
  path: Assets/Prefabs/Road_Buildings/Buildings_BLocks_2.prefab
  artifactKey: Guid(3158ec2710983e8479771e601fc4eecd) Importer(815301076,1909f56bfc062723c751e8b465ee728b)
Start importing Assets/Prefabs/Road_Buildings/Buildings_BLocks_2.prefab using Guid(3158ec2710983e8479771e601fc4eecd) Importer(815301076,1909f56bfc062723c751e8b465ee728b)  -> (artifact id: '30a8681d5181527c7fb85772ffd23861') in 1.040527 seconds 
  Import took 1.043349 seconds .

========================================================================
Received Import Request.
  Time since last request: 0.000562 seconds.
  path: Assets/Prefabs/Road_Buildings/Coins_Buildings_R.prefab
  artifactKey: Guid(5f1eb851150200245b85b7036552b842) Importer(815301076,1909f56bfc062723c751e8b465ee728b)
Start importing Assets/Prefabs/Road_Buildings/Coins_Buildings_R.prefab using Guid(5f1eb851150200245b85b7036552b842) Importer(815301076,1909f56bfc062723c751e8b465ee728b)  -> (artifact id: 'c634e2404f5404b5da7656e82d638db7') in 1.072368 seconds 
  Import took 1.075425 seconds .

========================================================================
Received Import Request.
  Time since last request: 7.675427 seconds.
  path: Assets/Prefabs/Road_Buildings/Buildings_BLocks_1.prefab
  artifactKey: Guid(3bb15a90699b9a0419a9910fad68baf6) Importer(815301076,1909f56bfc062723c751e8b465ee728b)
Start importing Assets/Prefabs/Road_Buildings/Buildings_BLocks_1.prefab using Guid(3bb15a90699b9a0419a9910fad68baf6) Importer(815301076,1909f56bfc062723c751e8b465ee728b)  -> (artifact id: 'e388f86084189de3df47dc5d0adffee3') in 1.432572 seconds 
  Import took 1.436236 seconds .

========================================================================
Received Import Request.
  Time since last request: 0.000391 seconds.
  path: Assets/Prefabs/Road_Buildings/Coins_Buildings_L.prefab
  artifactKey: Guid(27e04b26273f7754a86ab806e9bbd54d) Importer(815301076,1909f56bfc062723c751e8b465ee728b)
Start importing Assets/Prefabs/Road_Buildings/Coins_Buildings_L.prefab using Guid(27e04b26273f7754a86ab806e9bbd54d) Importer(815301076,1909f56bfc062723c751e8b465ee728b)  -> (artifact id: '6db5f55980ae598bb0b6e0ab576e9ba2') in 1.248539 seconds 
  Import took 1.252222 seconds .

========================================================================
Received Import Request.
  Time since last request: 0.000435 seconds.
  path: Assets/Prefabs/Road_Buildings/Buildings_BLocks_2.prefab
  artifactKey: Guid(3158ec2710983e8479771e601fc4eecd) Importer(815301076,1909f56bfc062723c751e8b465ee728b)
Start importing Assets/Prefabs/Road_Buildings/Buildings_BLocks_2.prefab using Guid(3158ec2710983e8479771e601fc4eecd) Importer(815301076,1909f56bfc062723c751e8b465ee728b)  -> (artifact id: 'a3a6493956cc051d5e16a76373bdb42a') in 1.169408 seconds 
  Import took 1.172882 seconds .

========================================================================
Received Import Request.
  Time since last request: 0.000482 seconds.
  path: Assets/Prefabs/Road_Buildings/Coins_Buildings_R.prefab
  artifactKey: Guid(5f1eb851150200245b85b7036552b842) Importer(815301076,1909f56bfc062723c751e8b465ee728b)
Start importing Assets/Prefabs/Road_Buildings/Coins_Buildings_R.prefab using Guid(5f1eb851150200245b85b7036552b842) Importer(815301076,1909f56bfc062723c751e8b465ee728b)  -> (artifact id: '197b1f10a5954a198cc51a0c855c0855') in 1.122217 seconds 
  Import took 1.125738 seconds .

========================================================================
Received Import Request.
  Time since last request: 0.253858 seconds.
  path: Assets/Prefabs/Road_Buildings/Buildings_BLocks_1.prefab
  artifactKey: Guid(3bb15a90699b9a0419a9910fad68baf6) Importer(815301076,1909f56bfc062723c751e8b465ee728b)
Start importing Assets/Prefabs/Road_Buildings/Buildings_BLocks_1.prefab using Guid(3bb15a90699b9a0419a9910fad68baf6) Importer(815301076,1909f56bfc062723c751e8b465ee728b)  -> (artifact id: '3ad583e900d9e98e63f7dd7953315add') in 1.243502 seconds 
  Import took 1.246687 seconds .

========================================================================
Received Import Request.
  Time since last request: 0.000494 seconds.
  path: Assets/Prefabs/Road_Buildings/Coins_Buildings_L.prefab
  artifactKey: Guid(27e04b26273f7754a86ab806e9bbd54d) Importer(815301076,1909f56bfc062723c751e8b465ee728b)
Start importing Assets/Prefabs/Road_Buildings/Coins_Buildings_L.prefab using Guid(27e04b26273f7754a86ab806e9bbd54d) Importer(815301076,1909f56bfc062723c751e8b465ee728b)  -> (artifact id: '0f1cfc3c064cb4da881be602438b6a01') in 1.246587 seconds 
  Import took 1.250559 seconds .

========================================================================
Received Import Request.
  Time since last request: 0.000615 seconds.
  path: Assets/Prefabs/Road_Buildings/Buildings_BLocks_2.prefab
  artifactKey: Guid(3158ec2710983e8479771e601fc4eecd) Importer(815301076,1909f56bfc062723c751e8b465ee728b)
Start importing Assets/Prefabs/Road_Buildings/Buildings_BLocks_2.prefab using Guid(3158ec2710983e8479771e601fc4eecd) Importer(815301076,1909f56bfc062723c751e8b465ee728b)  -> (artifact id: '803ff4983b26afbb42d72ebb9670dff4') in 1.280792 seconds 
  Import took 1.284075 seconds .

========================================================================
Received Import Request.
  Time since last request: 0.000473 seconds.
  path: Assets/Prefabs/Road_Buildings/Coins_Buildings_R.prefab
  artifactKey: Guid(5f1eb851150200245b85b7036552b842) Importer(815301076,1909f56bfc062723c751e8b465ee728b)
Start importing Assets/Prefabs/Road_Buildings/Coins_Buildings_R.prefab using Guid(5f1eb851150200245b85b7036552b842) Importer(815301076,1909f56bfc062723c751e8b465ee728b) Diagnostics callstack to track who triggered the sub-import:
0x00007ff64065ce12 (Unity) ImporterAssetResolver::ResolveAsset
0x00007ff64062ebc2 (Unity) ResolveArtifactV2
0x00007ff640647d60 (Unity) ImportToObjects
0x00007ff6406471a8 (Unity) ImportAsset
0x00007ff6405e1238 (Unity) AssetImportWorker::Import
0x00007ff64060691a (Unity) <lambda_4a0f5575432e8e69ec585d1ca7897980>::operator()
0x00007ff64068e2f2 (Unity) asio::detail::completion_handler<core::mutable_function<void __cdecl(void)> >::do_complete
0x00007ff640690450 (Unity) asio::detail::win_iocp_io_service::do_one
0x00007ff640693bce (Unity) asio::io_service::run
0x00007ff64062f8db (Unity) RunAssetImportWorkerClientV2
0x00007ff64062f930 (Unity) RunAssetImporterV2
0x00007ff6400d5b49 (Unity) Application::InitializeProject
0x00007ff64052b4f2 (Unity) WinMain
0x00007ff641bbbd4e (Unity) __scrt_common_main_seh
0x00007ffd49a554e0 (KERNEL32) BaseThreadInitThunk
0x00007ffd4aa4485b (ntdll) RtlUserThreadStart

Requesting import of Guid(5f1eb851150200245b85b7036552b842) Importer(-1,00000000000000000000000000000000), Assets/Prefabs/Road_Buildings/Coins_Buildings_R.prefab from editor
Resuming Guid(5f1eb851150200245b85b7036552b842) Importer(-1,00000000000000000000000000000000) -> 00000000000000000000000000000000 (aborted)
Diagnostics callstack to track who triggered the sub-import:
0x00007ff64065ce12 (Unity) ImporterAssetResolver::ResolveAsset
0x00007ff64062ebc2 (Unity) ResolveArtifactV2
0x00007ff640626cb1 (Unity) ProduceArtifactV2
0x00007ff6405bce5e (Unity) AssetDatabase::ProduceArtifact
0x00007ff6405a6db8 (Unity) PreviewImporter::GenerateAssetData
0x00007ff640648132 (Unity) ImportToObjects
0x00007ff6406471a8 (Unity) ImportAsset
0x00007ff6405e1238 (Unity) AssetImportWorker::Import
0x00007ff64060691a (Unity) <lambda_4a0f5575432e8e69ec585d1ca7897980>::operator()
0x00007ff64068e2f2 (Unity) asio::detail::completion_handler<core::mutable_function<void __cdecl(void)> >::do_complete
0x00007ff640690450 (Unity) asio::detail::win_iocp_io_service::do_one
0x00007ff640693bce (Unity) asio::io_service::run
0x00007ff64062f8db (Unity) RunAssetImportWorkerClientV2
0x00007ff64062f930 (Unity) RunAssetImporterV2
0x00007ff6400d5b49 (Unity) Application::InitializeProject
0x00007ff64052b4f2 (Unity) WinMain
0x00007ff641bbbd4e (Unity) __scrt_common_main_seh
0x00007ffd49a554e0 (KERNEL32) BaseThreadInitThunk
0x00007ffd4aa4485b (ntdll) RtlUserThreadStart

Sub-import of Guid(5f1eb851150200245b85b7036552b842) Importer(-1,00000000000000000000000000000000), Assets/Prefabs/Road_Buildings/Coins_Buildings_R.prefab skipped because a previous one failed already
 -> (artifact id: 'd3fc79106209c6bc015880ef25678611') in 0.915466 seconds 
  Import took 0.917757 seconds (was aborted).

========================================================================
Received Import Request.
  Time since last request: 0.000456 seconds.
  path: Assets/Prefabs/Road_Buildings/Coins_Buildings_L.prefab
  artifactKey: Guid(27e04b26273f7754a86ab806e9bbd54d) Importer(815301076,1909f56bfc062723c751e8b465ee728b)
Start importing Assets/Prefabs/Road_Buildings/Coins_Buildings_L.prefab using Guid(27e04b26273f7754a86ab806e9bbd54d) Importer(815301076,1909f56bfc062723c751e8b465ee728b)  -> (artifact id: '25b047351120cb72f68a999d75154f04') in 1.111315 seconds 
  Import took 1.114196 seconds .

========================================================================
Received Import Request.
  Time since last request: 0.000468 seconds.
  path: Assets/Prefabs/Road_Buildings/Buildings_BLocks_1.prefab
  artifactKey: Guid(3bb15a90699b9a0419a9910fad68baf6) Importer(815301076,1909f56bfc062723c751e8b465ee728b)
Start importing Assets/Prefabs/Road_Buildings/Buildings_BLocks_1.prefab using Guid(3bb15a90699b9a0419a9910fad68baf6) Importer(815301076,1909f56bfc062723c751e8b465ee728b)  -> (artifact id: '81b72c05890ea35178fd9d2b57593334') in 1.265676 seconds 
  Import took 1.268649 seconds .

========================================================================
Received Import Request.
  Time since last request: 0.000533 seconds.
  path: Assets/Prefabs/Road_Buildings/Buildings_BLocks_2.prefab
  artifactKey: Guid(3158ec2710983e8479771e601fc4eecd) Importer(815301076,1909f56bfc062723c751e8b465ee728b)
Start importing Assets/Prefabs/Road_Buildings/Buildings_BLocks_2.prefab using Guid(3158ec2710983e8479771e601fc4eecd) Importer(815301076,1909f56bfc062723c751e8b465ee728b)  -> (artifact id: 'e724140e2f1f1607f0c6814139b553aa') in 1.113176 seconds 
  Import took 1.116047 seconds .

========================================================================
Received Import Request.
  Time since last request: 0.000518 seconds.
  path: Assets/Prefabs/Road_Buildings/Coins_Buildings_L.prefab
  artifactKey: Guid(27e04b26273f7754a86ab806e9bbd54d) Importer(815301076,1909f56bfc062723c751e8b465ee728b)
Start importing Assets/Prefabs/Road_Buildings/Coins_Buildings_L.prefab using Guid(27e04b26273f7754a86ab806e9bbd54d) Importer(815301076,1909f56bfc062723c751e8b465ee728b)  -> (artifact id: 'f2c57aacb6dfebe91fbccb1899c20661') in 1.204291 seconds 
  Import took 1.207332 seconds .

========================================================================
Received Import Request.
  Time since last request: 0.000585 seconds.
  path: Assets/Prefabs/Road_Buildings/Buildings_BLocks_1.prefab
  artifactKey: Guid(3bb15a90699b9a0419a9910fad68baf6) Importer(815301076,1909f56bfc062723c751e8b465ee728b)
Start importing Assets/Prefabs/Road_Buildings/Buildings_BLocks_1.prefab using Guid(3bb15a90699b9a0419a9910fad68baf6) Importer(815301076,1909f56bfc062723c751e8b465ee728b)  -> (artifact id: '881e364d5159567fc2643cee281aaae6') in 1.294354 seconds 
  Import took 1.297374 seconds .

========================================================================
Received Import Request.
  Time since last request: 0.000487 seconds.
  path: Assets/Prefabs/Road_Buildings/Buildings_BLocks_2.prefab
  artifactKey: Guid(3158ec2710983e8479771e601fc4eecd) Importer(815301076,1909f56bfc062723c751e8b465ee728b)
Start importing Assets/Prefabs/Road_Buildings/Buildings_BLocks_2.prefab using Guid(3158ec2710983e8479771e601fc4eecd) Importer(815301076,1909f56bfc062723c751e8b465ee728b)  -> (artifact id: '7c8dc17495969ce19bea90986afd89a3') in 1.251507 seconds 
  Import took 1.255302 seconds .

========================================================================
Received Import Request.
  Time since last request: 0.000576 seconds.
  path: Assets/Prefabs/Road_Buildings/Coins_Buildings_R.prefab
  artifactKey: Guid(5f1eb851150200245b85b7036552b842) Importer(815301076,1909f56bfc062723c751e8b465ee728b)
Start importing Assets/Prefabs/Road_Buildings/Coins_Buildings_R.prefab using Guid(5f1eb851150200245b85b7036552b842) Importer(815301076,1909f56bfc062723c751e8b465ee728b)  -> (artifact id: 'a6d10d1dd983b6cc67144fc4c49d9677') in 1.222977 seconds 
  Import took 1.226456 seconds .

========================================================================
Received Import Request.
  Time since last request: 5.272793 seconds.
  path: Assets/Prefabs/Road_Buildings/Buildings_BLocks_1.prefab
  artifactKey: Guid(3bb15a90699b9a0419a9910fad68baf6) Importer(815301076,1909f56bfc062723c751e8b465ee728b)
Start importing Assets/Prefabs/Road_Buildings/Buildings_BLocks_1.prefab using Guid(3bb15a90699b9a0419a9910fad68baf6) Importer(815301076,1909f56bfc062723c751e8b465ee728b)  -> (artifact id: '0f77c70f5cc6a64cbdef319e7437c266') in 1.235930 seconds 
  Import took 1.239510 seconds .

========================================================================
Received Import Request.
  Time since last request: 0.000501 seconds.
  path: Assets/Prefabs/Road_Buildings/Coins_Buildings_L.prefab
  artifactKey: Guid(27e04b26273f7754a86ab806e9bbd54d) Importer(815301076,1909f56bfc062723c751e8b465ee728b)
Start importing Assets/Prefabs/Road_Buildings/Coins_Buildings_L.prefab using Guid(27e04b26273f7754a86ab806e9bbd54d) Importer(815301076,1909f56bfc062723c751e8b465ee728b)  -> (artifact id: 'ec6e3eb3573b9f2183444a3555ea010f') in 1.219159 seconds 
  Import took 1.222911 seconds .

========================================================================
Received Import Request.
  Time since last request: 0.000449 seconds.
  path: Assets/Prefabs/Road_Buildings/Buildings_BLocks_2.prefab
  artifactKey: Guid(3158ec2710983e8479771e601fc4eecd) Importer(815301076,1909f56bfc062723c751e8b465ee728b)
Start importing Assets/Prefabs/Road_Buildings/Buildings_BLocks_2.prefab using Guid(3158ec2710983e8479771e601fc4eecd) Importer(815301076,1909f56bfc062723c751e8b465ee728b)  -> (artifact id: '7c574c04897ab0a157ae3eff05859ec9') in 1.063419 seconds 
  Import took 1.066395 seconds .

========================================================================
Received Import Request.
  Time since last request: 0.000497 seconds.
  path: Assets/Prefabs/Road_Buildings/Coins_Buildings_R.prefab
  artifactKey: Guid(5f1eb851150200245b85b7036552b842) Importer(815301076,1909f56bfc062723c751e8b465ee728b)
Start importing Assets/Prefabs/Road_Buildings/Coins_Buildings_R.prefab using Guid(5f1eb851150200245b85b7036552b842) Importer(815301076,1909f56bfc062723c751e8b465ee728b)  -> (artifact id: '1d0f7d0209ec97eddb3383800a1b0642') in 1.087377 seconds 
  Import took 1.090224 seconds .

========================================================================
Received Import Request.
  Time since last request: 0.197847 seconds.
  path: Assets/Prefabs/Road_Buildings/Buildings_BLocks_1.prefab
  artifactKey: Guid(3bb15a90699b9a0419a9910fad68baf6) Importer(815301076,1909f56bfc062723c751e8b465ee728b)
Start importing Assets/Prefabs/Road_Buildings/Buildings_BLocks_1.prefab using Guid(3bb15a90699b9a0419a9910fad68baf6) Importer(815301076,1909f56bfc062723c751e8b465ee728b)  -> (artifact id: 'fbba8f54366b8bdeb300ca60def71fcc') in 1.241845 seconds 
  Import took 1.245100 seconds .

========================================================================
Received Import Request.
  Time since last request: 0.000458 seconds.
  path: Assets/Prefabs/Road_Buildings/Coins_Buildings_L.prefab
  artifactKey: Guid(27e04b26273f7754a86ab806e9bbd54d) Importer(815301076,1909f56bfc062723c751e8b465ee728b)
Start importing Assets/Prefabs/Road_Buildings/Coins_Buildings_L.prefab using Guid(27e04b26273f7754a86ab806e9bbd54d) Importer(815301076,1909f56bfc062723c751e8b465ee728b)  -> (artifact id: 'e19f985c17d2a05a86e4797ce464eb48') in 1.316520 seconds 
  Import took 1.320367 seconds .

========================================================================
Received Import Request.
  Time since last request: 0.000478 seconds.
  path: Assets/Prefabs/Road_Buildings/Buildings_BLocks_2.prefab
  artifactKey: Guid(3158ec2710983e8479771e601fc4eecd) Importer(815301076,1909f56bfc062723c751e8b465ee728b)
Start importing Assets/Prefabs/Road_Buildings/Buildings_BLocks_2.prefab using Guid(3158ec2710983e8479771e601fc4eecd) Importer(815301076,1909f56bfc062723c751e8b465ee728b)  -> (artifact id: 'a8a03c29269204ff599767a6ba30068e') in 1.127558 seconds 
  Import took 1.130843 seconds .

========================================================================
Received Import Request.
  Time since last request: 0.000563 seconds.
  path: Assets/Prefabs/Road_Buildings/Coins_Buildings_R.prefab
  artifactKey: Guid(5f1eb851150200245b85b7036552b842) Importer(815301076,1909f56bfc062723c751e8b465ee728b)
Start importing Assets/Prefabs/Road_Buildings/Coins_Buildings_R.prefab using Guid(5f1eb851150200245b85b7036552b842) Importer(815301076,1909f56bfc062723c751e8b465ee728b)  -> (artifact id: 'b480f3d1b82f34e80dbd70c55d354bce') in 1.204247 seconds 
  Import took 1.207161 seconds .

========================================================================
Received Import Request.
  Time since last request: 64.775108 seconds.
  path: Assets/Prefabs/Road_Buildings/Buildings_BLocks_1 1.prefab
  artifactKey: Guid(c1aee2c7aeb7e8344a4571a343776c8b) Importer(815301076,1909f56bfc062723c751e8b465ee728b)
Start importing Assets/Prefabs/Road_Buildings/Buildings_BLocks_1 1.prefab using Guid(c1aee2c7aeb7e8344a4571a343776c8b) Importer(815301076,1909f56bfc062723c751e8b465ee728b)  -> (artifact id: 'b5d16a0e4a75bcdcde88223fc8bf6595') in 1.141468 seconds 
  Import took 1.144738 seconds .

========================================================================
Received Import Request.
  Time since last request: 28.680872 seconds.
  path: Assets/Prefabs/Road_Buildings/Building Booster.prefab
  artifactKey: Guid(c1aee2c7aeb7e8344a4571a343776c8b) Importer(815301076,1909f56bfc062723c751e8b465ee728b)
Start importing Assets/Prefabs/Road_Buildings/Building Booster.prefab using Guid(c1aee2c7aeb7e8344a4571a343776c8b) Importer(815301076,1909f56bfc062723c751e8b465ee728b)  -> (artifact id: '43590e2b3dd178ed2589eb61cc09eb2a') in 1.113444 seconds 
  Import took 1.116522 seconds .

========================================================================
Received Import Request.
  Time since last request: 16.192406 seconds.
  path: Assets/Prefabs/Road_Buildings/Coins_Buildings_R 1.prefab
  artifactKey: Guid(04c7583256a1703439f0fdd7b0299ccf) Importer(815301076,1909f56bfc062723c751e8b465ee728b)
Start importing Assets/Prefabs/Road_Buildings/Coins_Buildings_R 1.prefab using Guid(04c7583256a1703439f0fdd7b0299ccf) Importer(815301076,1909f56bfc062723c751e8b465ee728b)  -> (artifact id: '9faddb4f498ef4744de998a883db0a9d') in 1.045295 seconds 
  Import took 1.048481 seconds .

========================================================================
Received Import Request.
  Time since last request: 13.621507 seconds.
  path: Assets/Prefabs/Road_Buildings/BUilding_Booster.prefab
  artifactKey: Guid(04c7583256a1703439f0fdd7b0299ccf) Importer(815301076,1909f56bfc062723c751e8b465ee728b)
Start importing Assets/Prefabs/Road_Buildings/BUilding_Booster.prefab using Guid(04c7583256a1703439f0fdd7b0299ccf) Importer(815301076,1909f56bfc062723c751e8b465ee728b)  -> (artifact id: 'e1244f1ddb4d50e6df15ae4950171313') in 1.044949 seconds 
  Import took 1.048328 seconds .

========================================================================
Received Import Request.
  Time since last request: 43.861825 seconds.
  path: Assets/Prefabs/Road_Buildings/BUilding_Booster.prefab
  artifactKey: Guid(04c7583256a1703439f0fdd7b0299ccf) Importer(815301076,1909f56bfc062723c751e8b465ee728b)
Start importing Assets/Prefabs/Road_Buildings/BUilding_Booster.prefab using Guid(04c7583256a1703439f0fdd7b0299ccf) Importer(815301076,1909f56bfc062723c751e8b465ee728b)  -> (artifact id: '1b8a80b9a0b21171155435911f2b07fa') in 1.061619 seconds 
  Import took 1.064763 seconds .

========================================================================
Received Import Request.
  Time since last request: 23.383974 seconds.
  path: Assets/Prefabs/Road_Buildings/BUilding_Booster.prefab
  artifactKey: Guid(04c7583256a1703439f0fdd7b0299ccf) Importer(815301076,1909f56bfc062723c751e8b465ee728b)
Start importing Assets/Prefabs/Road_Buildings/BUilding_Booster.prefab using Guid(04c7583256a1703439f0fdd7b0299ccf) Importer(815301076,1909f56bfc062723c751e8b465ee728b)  -> (artifact id: 'd3ffc5d01325b0689dbe02b5fdebeeb1') in 1.057524 seconds 
  Import took 1.060914 seconds .

========================================================================
Received Import Request.
  Time since last request: 1.106017 seconds.
  path: Assets/Prefabs/Road_Buildings/BUilding_Booster.prefab
  artifactKey: Guid(04c7583256a1703439f0fdd7b0299ccf) Importer(815301076,1909f56bfc062723c751e8b465ee728b)
Start importing Assets/Prefabs/Road_Buildings/BUilding_Booster.prefab using Guid(04c7583256a1703439f0fdd7b0299ccf) Importer(815301076,1909f56bfc062723c751e8b465ee728b)  -> (artifact id: '545f9f41902b8ade31da40cf15816304') in 1.100806 seconds 
  Import took 1.104009 seconds .

========================================================================
Received Import Request.
  Time since last request: 6.292890 seconds.
  path: Assets/Prefabs/Road_Buildings/BUilding_Booster.prefab
  artifactKey: Guid(04c7583256a1703439f0fdd7b0299ccf) Importer(815301076,1909f56bfc062723c751e8b465ee728b)
Start importing Assets/Prefabs/Road_Buildings/BUilding_Booster.prefab using Guid(04c7583256a1703439f0fdd7b0299ccf) Importer(815301076,1909f56bfc062723c751e8b465ee728b)  -> (artifact id: 'df519d32847e4f72dc842f8ac8c6e7f0') in 1.080505 seconds 
  Import took 1.083729 seconds .

========================================================================
Received Import Request.
  Time since last request: 2.237983 seconds.
  path: Assets/Prefabs/Road_Buildings/BUilding_Booster.prefab
  artifactKey: Guid(04c7583256a1703439f0fdd7b0299ccf) Importer(815301076,1909f56bfc062723c751e8b465ee728b)
Start importing Assets/Prefabs/Road_Buildings/BUilding_Booster.prefab using Guid(04c7583256a1703439f0fdd7b0299ccf) Importer(815301076,1909f56bfc062723c751e8b465ee728b)  -> (artifact id: 'f485f408f53fe206f2d1490edcc8b1a8') in 1.124963 seconds 
  Import took 1.128601 seconds .

========================================================================
Received Prepare
Registering precompiled user dll's ...
Registered in 0.003674 seconds.
Begin MonoManager ReloadAssembly
Native extension for WindowsStandalone target not found
Refreshing native plugins compatible for Editor in 0.52 ms, found 2 plugins.
Preloading 0 native plugins for Editor in 0.00 ms.
Mono: successfully reloaded assembly
- Completed reload, in  0.993 seconds
Domain Reload Profiling:
	ReloadAssembly (994ms)
		BeginReloadAssembly (118ms)
			ExecutionOrderSort (0ms)
			DisableScriptedObjects (4ms)
			BackupInstance (0ms)
			ReleaseScriptingObjects (0ms)
			CreateAndSetChildDomain (30ms)
		EndReloadAssembly (803ms)
			LoadAssemblies (101ms)
			RebuildTransferFunctionScriptingTraits (0ms)
			SetupTypeCache (277ms)
			ReleaseScriptCaches (1ms)
			RebuildScriptCaches (36ms)
			SetupLoadedEditorAssemblies (279ms)
				LogAssemblyErrors (0ms)
				InitializePlatformSupportModulesInManaged (5ms)
				SetLoadedEditorAssemblies (1ms)
				RefreshPlugins (1ms)
				BeforeProcessingInitializeOnLoad (91ms)
				ProcessInitializeOnLoadAttributes (165ms)
				ProcessInitializeOnLoadMethodAttributes (9ms)
				AfterProcessingInitializeOnLoad (9ms)
				EditorAssembliesLoaded (0ms)
			ExecutionOrderSort2 (0ms)
			AwakeInstancesAfterBackupRestoration (10ms)
Platform modules already initialized, skipping
Switching build target platform(19) subTarget(0) extendedPlatform(0) -> platform(9) subTarget(16777218) extendedPlatform(0)
Refreshing native plugins compatible for Editor in 0.75 ms, found 2 plugins.
Preloading 0 native plugins for Editor in 0.00 ms.
Unloading 1517 Unused Serialized files (Serialized files now loaded: 0)
System memory in use before: 75.5 MB.
System memory in use after: 75.6 MB.

Unloading 15 unused Assets to reduce memory usage. Loaded Objects now: 2008.
Total: 4.593300 ms (FindLiveObjects: 0.198400 ms CreateObjectMapping: 0.126300 ms MarkObjects: 4.220900 ms  DeleteObjects: 0.046300 ms)

AssetImportParameters requested are different than current active one (requested -> active):
  custom:framework-win-MediaFoundation: 216162199b28c13a410421893ffa2e32 -> 
  custom:video-decoder-ogg-theora: a1e56fd34408186e4bbccfd4996cb3dc -> 
  custom:container-muxer-webm: aa71ff27fc2769a1b78a27578f13a17b -> 
  custom:container-demuxer-webm: 4f35f7cbe854078d1ac9338744f61a02 -> 
  custom:container-demuxer-ogg: 62fdf1f143b41e24485cea50d1cbac27 -> 
  custom:video-encoder-webm-vp8: eb34c28f22e8b96e1ab97ce403110664 -> 
  custom:video-decoder-webm-vp8: 9c59270c3fd7afecdb556c50c9e8de78 -> 
  custom:graphics/normal-map-encoding: 01000000000000000000000000000000 -> 02000000000000000000000000000000
  custom:audio-decoder-ogg-vorbis: bf7c407c2cedff20999df2af8eb42d56 -> 
  custom:audio-encoder-webm-vorbis: bf7c407c2cedff20999df2af8eb42d56 -> 
========================================================================
Received Import Request.
  Time since last request: 20.644021 seconds.
  path: Assets/Prefabs/Road_Buildings/BUilding_Booster.prefab
  artifactKey: Guid(04c7583256a1703439f0fdd7b0299ccf) Importer(815301076,1909f56bfc062723c751e8b465ee728b)
Start importing Assets/Prefabs/Road_Buildings/BUilding_Booster.prefab using Guid(04c7583256a1703439f0fdd7b0299ccf) Importer(815301076,1909f56bfc062723c751e8b465ee728b)  -> (artifact id: '5b6c38d47e390bf36b3885acbb2f8043') in 1.287287 seconds 
  Import took 1.290951 seconds .

========================================================================
Received Import Request.
  Time since last request: 2.347170 seconds.
  path: ProjectSettings/TagManager.asset
  artifactKey: Guid(00000000000000003000000000000000) Importer(815301076,1909f56bfc062723c751e8b465ee728b)
Start importing ProjectSettings/TagManager.asset using Guid(00000000000000003000000000000000) Importer(815301076,1909f56bfc062723c751e8b465ee728b)  -> (artifact id: 'af1e36ebcecd81347b73fa572803874f') in 0.008006 seconds 
  Import took 0.010471 seconds .

========================================================================
Received Import Request.
  Time since last request: 9.337729 seconds.
  path: Assets/Prefabs/Road_Buildings/BUilding_Booster.prefab
  artifactKey: Guid(04c7583256a1703439f0fdd7b0299ccf) Importer(815301076,1909f56bfc062723c751e8b465ee728b)
Start importing Assets/Prefabs/Road_Buildings/BUilding_Booster.prefab using Guid(04c7583256a1703439f0fdd7b0299ccf) Importer(815301076,1909f56bfc062723c751e8b465ee728b)  -> (artifact id: 'bac0b7ea6d1ca881ee3ac67a10e09cbb') in 1.191949 seconds 
  Import took 1.194818 seconds .

========================================================================
Received Import Request.
  Time since last request: 3.622844 seconds.
  path: Assets/Prefabs/Road_Buildings/BUilding_Booster.prefab
  artifactKey: Guid(04c7583256a1703439f0fdd7b0299ccf) Importer(815301076,1909f56bfc062723c751e8b465ee728b)
Start importing Assets/Prefabs/Road_Buildings/BUilding_Booster.prefab using Guid(04c7583256a1703439f0fdd7b0299ccf) Importer(815301076,1909f56bfc062723c751e8b465ee728b)  -> (artifact id: 'eb866c23dcb2aa90e7c98fb5ecd34669') in 1.181149 seconds 
  Import took 1.184033 seconds .

========================================================================
Received Import Request.
  Time since last request: 27.310451 seconds.
  path: Assets/Prefabs/Road_Buildings/BUilding_Booster.prefab
  artifactKey: Guid(04c7583256a1703439f0fdd7b0299ccf) Importer(815301076,1909f56bfc062723c751e8b465ee728b)
Start importing Assets/Prefabs/Road_Buildings/BUilding_Booster.prefab using Guid(04c7583256a1703439f0fdd7b0299ccf) Importer(815301076,1909f56bfc062723c751e8b465ee728b)  -> (artifact id: 'd9422546407c0f23b736a1b41471ee9b') in 1.161519 seconds 
  Import took 1.164817 seconds .

========================================================================
Received Import Request.
  Time since last request: 6.498043 seconds.
  path: Assets/Prefabs/Road_Buildings/BUilding_Booster.prefab
  artifactKey: Guid(04c7583256a1703439f0fdd7b0299ccf) Importer(815301076,1909f56bfc062723c751e8b465ee728b)
Start importing Assets/Prefabs/Road_Buildings/BUilding_Booster.prefab using Guid(04c7583256a1703439f0fdd7b0299ccf) Importer(815301076,1909f56bfc062723c751e8b465ee728b)  -> (artifact id: '7c3f3eda7753042922ba1f0a8689b360') in 1.112600 seconds 
  Import took 1.116108 seconds .

========================================================================
Received Import Request.
  Time since last request: 3.944152 seconds.
  path: Assets/Prefabs/Road_Buildings/BUilding_Booster.prefab
  artifactKey: Guid(04c7583256a1703439f0fdd7b0299ccf) Importer(815301076,1909f56bfc062723c751e8b465ee728b)
Start importing Assets/Prefabs/Road_Buildings/BUilding_Booster.prefab using Guid(04c7583256a1703439f0fdd7b0299ccf) Importer(815301076,1909f56bfc062723c751e8b465ee728b)  -> (artifact id: '321c86497edd6985d440dab705441c9c') in 1.055678 seconds 
  Import took 1.059429 seconds .

========================================================================
Received Import Request.
  Time since last request: 6.977322 seconds.
  path: Assets/Prefabs/Road_Buildings/BUilding_Booster.prefab
  artifactKey: Guid(04c7583256a1703439f0fdd7b0299ccf) Importer(815301076,1909f56bfc062723c751e8b465ee728b)
Start importing Assets/Prefabs/Road_Buildings/BUilding_Booster.prefab using Guid(04c7583256a1703439f0fdd7b0299ccf) Importer(815301076,1909f56bfc062723c751e8b465ee728b)  -> (artifact id: 'e27a915dc549c53237e55312314a6e17') in 1.076034 seconds 
  Import took 1.079717 seconds .

========================================================================
Received Import Request.
  Time since last request: 1.345167 seconds.
  path: Assets/Prefabs/Road_Buildings/BUilding_Booster.prefab
  artifactKey: Guid(04c7583256a1703439f0fdd7b0299ccf) Importer(815301076,1909f56bfc062723c751e8b465ee728b)
Start importing Assets/Prefabs/Road_Buildings/BUilding_Booster.prefab using Guid(04c7583256a1703439f0fdd7b0299ccf) Importer(815301076,1909f56bfc062723c751e8b465ee728b)  -> (artifact id: 'ab46b8bc286ac229809ae4861858e9a4') in 1.108623 seconds 
  Import took 1.112205 seconds .

========================================================================
Received Prepare
Registering precompiled user dll's ...
Registered in 0.004404 seconds.
Begin MonoManager ReloadAssembly
Native extension for WindowsStandalone target not found
Refreshing native plugins compatible for Editor in 0.66 ms, found 2 plugins.
Preloading 0 native plugins for Editor in 0.00 ms.
Mono: successfully reloaded assembly
- Completed reload, in  1.268 seconds
Domain Reload Profiling:
	ReloadAssembly (1269ms)
		BeginReloadAssembly (167ms)
			ExecutionOrderSort (0ms)
			DisableScriptedObjects (5ms)
			BackupInstance (0ms)
			ReleaseScriptingObjects (0ms)
			CreateAndSetChildDomain (43ms)
		EndReloadAssembly (1018ms)
			LoadAssemblies (144ms)
			RebuildTransferFunctionScriptingTraits (0ms)
			SetupTypeCache (348ms)
			ReleaseScriptCaches (1ms)
			RebuildScriptCaches (48ms)
			SetupLoadedEditorAssemblies (323ms)
				LogAssemblyErrors (0ms)
				InitializePlatformSupportModulesInManaged (6ms)
				SetLoadedEditorAssemblies (1ms)
				RefreshPlugins (1ms)
				BeforeProcessingInitializeOnLoad (89ms)
				ProcessInitializeOnLoadAttributes (201ms)
				ProcessInitializeOnLoadMethodAttributes (13ms)
				AfterProcessingInitializeOnLoad (12ms)
				EditorAssembliesLoaded (0ms)
			ExecutionOrderSort2 (0ms)
			AwakeInstancesAfterBackupRestoration (8ms)
Platform modules already initialized, skipping
Switching build target platform(19) subTarget(0) extendedPlatform(0) -> platform(9) subTarget(16777218) extendedPlatform(0)
Refreshing native plugins compatible for Editor in 0.90 ms, found 2 plugins.
Preloading 0 native plugins for Editor in 0.00 ms.
Unloading 1517 Unused Serialized files (Serialized files now loaded: 0)
System memory in use before: 75.5 MB.
System memory in use after: 75.6 MB.

Unloading 15 unused Assets to reduce memory usage. Loaded Objects now: 2011.
Total: 2.769900 ms (FindLiveObjects: 0.133500 ms CreateObjectMapping: 0.043500 ms MarkObjects: 2.569200 ms  DeleteObjects: 0.022800 ms)

AssetImportParameters requested are different than current active one (requested -> active):
  custom:framework-win-MediaFoundation: 216162199b28c13a410421893ffa2e32 -> 
  custom:video-decoder-ogg-theora: a1e56fd34408186e4bbccfd4996cb3dc -> 
  custom:container-muxer-webm: aa71ff27fc2769a1b78a27578f13a17b -> 
  custom:container-demuxer-webm: 4f35f7cbe854078d1ac9338744f61a02 -> 
  custom:container-demuxer-ogg: 62fdf1f143b41e24485cea50d1cbac27 -> 
  custom:video-encoder-webm-vp8: eb34c28f22e8b96e1ab97ce403110664 -> 
  custom:video-decoder-webm-vp8: 9c59270c3fd7afecdb556c50c9e8de78 -> 
  custom:graphics/normal-map-encoding: 01000000000000000000000000000000 -> 02000000000000000000000000000000
  custom:audio-decoder-ogg-vorbis: bf7c407c2cedff20999df2af8eb42d56 -> 
  custom:audio-encoder-webm-vorbis: bf7c407c2cedff20999df2af8eb42d56 -> 
========================================================================
Received Prepare
Registering precompiled user dll's ...
Registered in 0.003895 seconds.
Begin MonoManager ReloadAssembly
Native extension for WindowsStandalone target not found
Refreshing native plugins compatible for Editor in 1.00 ms, found 2 plugins.
Preloading 0 native plugins for Editor in 0.00 ms.
Mono: successfully reloaded assembly
- Completed reload, in  1.038 seconds
Domain Reload Profiling:
	ReloadAssembly (1039ms)
		BeginReloadAssembly (127ms)
			ExecutionOrderSort (0ms)
			DisableScriptedObjects (5ms)
			BackupInstance (0ms)
			ReleaseScriptingObjects (0ms)
			CreateAndSetChildDomain (30ms)
		EndReloadAssembly (848ms)
			LoadAssemblies (109ms)
			RebuildTransferFunctionScriptingTraits (0ms)
			SetupTypeCache (331ms)
			ReleaseScriptCaches (1ms)
			RebuildScriptCaches (41ms)
			SetupLoadedEditorAssemblies (261ms)
				LogAssemblyErrors (0ms)
				InitializePlatformSupportModulesInManaged (4ms)
				SetLoadedEditorAssemblies (0ms)
				RefreshPlugins (1ms)
				BeforeProcessingInitializeOnLoad (80ms)
				ProcessInitializeOnLoadAttributes (158ms)
				ProcessInitializeOnLoadMethodAttributes (8ms)
				AfterProcessingInitializeOnLoad (9ms)
				EditorAssembliesLoaded (0ms)
			ExecutionOrderSort2 (0ms)
			AwakeInstancesAfterBackupRestoration (6ms)
Platform modules already initialized, skipping
Switching build target platform(19) subTarget(0) extendedPlatform(0) -> platform(9) subTarget(16777218) extendedPlatform(0)
Refreshing native plugins compatible for Editor in 0.50 ms, found 2 plugins.
Preloading 0 native plugins for Editor in 0.00 ms.
Unloading 1517 Unused Serialized files (Serialized files now loaded: 0)
System memory in use before: 75.5 MB.
System memory in use after: 75.7 MB.

Unloading 14 unused Assets to reduce memory usage. Loaded Objects now: 2013.
Total: 3.002500 ms (FindLiveObjects: 0.131600 ms CreateObjectMapping: 0.047300 ms MarkObjects: 2.800100 ms  DeleteObjects: 0.022500 ms)

AssetImportParameters requested are different than current active one (requested -> active):
  custom:framework-win-MediaFoundation: 216162199b28c13a410421893ffa2e32 -> 
  custom:video-decoder-ogg-theora: a1e56fd34408186e4bbccfd4996cb3dc -> 
  custom:container-muxer-webm: aa71ff27fc2769a1b78a27578f13a17b -> 
  custom:container-demuxer-webm: 4f35f7cbe854078d1ac9338744f61a02 -> 
  custom:container-demuxer-ogg: 62fdf1f143b41e24485cea50d1cbac27 -> 
  custom:video-encoder-webm-vp8: eb34c28f22e8b96e1ab97ce403110664 -> 
  custom:video-decoder-webm-vp8: 9c59270c3fd7afecdb556c50c9e8de78 -> 
  custom:graphics/normal-map-encoding: 01000000000000000000000000000000 -> 02000000000000000000000000000000
  custom:audio-decoder-ogg-vorbis: bf7c407c2cedff20999df2af8eb42d56 -> 
  custom:audio-encoder-webm-vorbis: bf7c407c2cedff20999df2af8eb42d56 -> 
========================================================================
Received Prepare
Registering precompiled user dll's ...
Registered in 0.003659 seconds.
Begin MonoManager ReloadAssembly
Native extension for WindowsStandalone target not found
Refreshing native plugins compatible for Editor in 0.54 ms, found 2 plugins.
Preloading 0 native plugins for Editor in 0.00 ms.
Mono: successfully reloaded assembly
- Completed reload, in  1.046 seconds
Domain Reload Profiling:
	ReloadAssembly (1047ms)
		BeginReloadAssembly (122ms)
			ExecutionOrderSort (0ms)
			DisableScriptedObjects (5ms)
			BackupInstance (0ms)
			ReleaseScriptingObjects (0ms)
			CreateAndSetChildDomain (27ms)
		EndReloadAssembly (862ms)
			LoadAssemblies (111ms)
			RebuildTransferFunctionScriptingTraits (0ms)
			SetupTypeCache (299ms)
			ReleaseScriptCaches (1ms)
			RebuildScriptCaches (41ms)
			SetupLoadedEditorAssemblies (283ms)
				LogAssemblyErrors (0ms)
				InitializePlatformSupportModulesInManaged (5ms)
				SetLoadedEditorAssemblies (0ms)
				RefreshPlugins (1ms)
				BeforeProcessingInitializeOnLoad (81ms)
				ProcessInitializeOnLoadAttributes (178ms)
				ProcessInitializeOnLoadMethodAttributes (8ms)
				AfterProcessingInitializeOnLoad (9ms)
				EditorAssembliesLoaded (0ms)
			ExecutionOrderSort2 (0ms)
			AwakeInstancesAfterBackupRestoration (6ms)
Platform modules already initialized, skipping
Switching build target platform(19) subTarget(0) extendedPlatform(0) -> platform(9) subTarget(16777218) extendedPlatform(0)
Refreshing native plugins compatible for Editor in 0.61 ms, found 2 plugins.
Preloading 0 native plugins for Editor in 0.00 ms.
Unloading 1517 Unused Serialized files (Serialized files now loaded: 0)
System memory in use before: 75.6 MB.
System memory in use after: 75.7 MB.

Unloading 14 unused Assets to reduce memory usage. Loaded Objects now: 2015.
Total: 2.776700 ms (FindLiveObjects: 0.148100 ms CreateObjectMapping: 0.042700 ms MarkObjects: 2.567000 ms  DeleteObjects: 0.018300 ms)

AssetImportParameters requested are different than current active one (requested -> active):
  custom:framework-win-MediaFoundation: 216162199b28c13a410421893ffa2e32 -> 
  custom:video-decoder-ogg-theora: a1e56fd34408186e4bbccfd4996cb3dc -> 
  custom:container-muxer-webm: aa71ff27fc2769a1b78a27578f13a17b -> 
  custom:container-demuxer-webm: 4f35f7cbe854078d1ac9338744f61a02 -> 
  custom:container-demuxer-ogg: 62fdf1f143b41e24485cea50d1cbac27 -> 
  custom:video-encoder-webm-vp8: eb34c28f22e8b96e1ab97ce403110664 -> 
  custom:video-decoder-webm-vp8: 9c59270c3fd7afecdb556c50c9e8de78 -> 
  custom:graphics/normal-map-encoding: 01000000000000000000000000000000 -> 02000000000000000000000000000000
  custom:audio-decoder-ogg-vorbis: bf7c407c2cedff20999df2af8eb42d56 -> 
  custom:audio-encoder-webm-vorbis: bf7c407c2cedff20999df2af8eb42d56 -> 
========================================================================
Received Prepare
Registering precompiled user dll's ...
Registered in 0.003750 seconds.
Begin MonoManager ReloadAssembly
Native extension for WindowsStandalone target not found
Refreshing native plugins compatible for Editor in 0.63 ms, found 2 plugins.
Preloading 0 native plugins for Editor in 0.00 ms.
Mono: successfully reloaded assembly
- Completed reload, in  1.071 seconds
Domain Reload Profiling:
	ReloadAssembly (1072ms)
		BeginReloadAssembly (136ms)
			ExecutionOrderSort (0ms)
			DisableScriptedObjects (4ms)
			BackupInstance (0ms)
			ReleaseScriptingObjects (0ms)
			CreateAndSetChildDomain (32ms)
		EndReloadAssembly (855ms)
			LoadAssemblies (112ms)
			RebuildTransferFunctionScriptingTraits (0ms)
			SetupTypeCache (281ms)
			ReleaseScriptCaches (2ms)
			RebuildScriptCaches (40ms)
			SetupLoadedEditorAssemblies (293ms)
				LogAssemblyErrors (0ms)
				InitializePlatformSupportModulesInManaged (5ms)
				SetLoadedEditorAssemblies (1ms)
				RefreshPlugins (1ms)
				BeforeProcessingInitializeOnLoad (106ms)
				ProcessInitializeOnLoadAttributes (163ms)
				ProcessInitializeOnLoadMethodAttributes (8ms)
				AfterProcessingInitializeOnLoad (9ms)
				EditorAssembliesLoaded (0ms)
			ExecutionOrderSort2 (0ms)
			AwakeInstancesAfterBackupRestoration (6ms)
Platform modules already initialized, skipping
Switching build target platform(19) subTarget(0) extendedPlatform(0) -> platform(9) subTarget(16777218) extendedPlatform(0)
Refreshing native plugins compatible for Editor in 0.51 ms, found 2 plugins.
Preloading 0 native plugins for Editor in 0.00 ms.
Unloading 1517 Unused Serialized files (Serialized files now loaded: 0)
System memory in use before: 75.6 MB.
System memory in use after: 75.7 MB.

Unloading 14 unused Assets to reduce memory usage. Loaded Objects now: 2017.
Total: 2.829200 ms (FindLiveObjects: 0.132500 ms CreateObjectMapping: 0.042100 ms MarkObjects: 2.633400 ms  DeleteObjects: 0.020600 ms)

AssetImportParameters requested are different than current active one (requested -> active):
  custom:framework-win-MediaFoundation: 216162199b28c13a410421893ffa2e32 -> 
  custom:video-decoder-ogg-theora: a1e56fd34408186e4bbccfd4996cb3dc -> 
  custom:container-muxer-webm: aa71ff27fc2769a1b78a27578f13a17b -> 
  custom:container-demuxer-webm: 4f35f7cbe854078d1ac9338744f61a02 -> 
  custom:container-demuxer-ogg: 62fdf1f143b41e24485cea50d1cbac27 -> 
  custom:video-encoder-webm-vp8: eb34c28f22e8b96e1ab97ce403110664 -> 
  custom:video-decoder-webm-vp8: 9c59270c3fd7afecdb556c50c9e8de78 -> 
  custom:graphics/normal-map-encoding: 01000000000000000000000000000000 -> 02000000000000000000000000000000
  custom:audio-decoder-ogg-vorbis: bf7c407c2cedff20999df2af8eb42d56 -> 
  custom:audio-encoder-webm-vorbis: bf7c407c2cedff20999df2af8eb42d56 -> 
